It's not a problem a panda can deal with!

ztlbmowfrhoydoagjqgieyumvlbzmhqjaxxzvbjntpgsjwaccpkdgekiialhapqhzschgjgjqnvwkdgufqrwqyhlwafdnjrlefblbugnpvafsznxxjxzcrabwvjupnadpydqhmnjueeutmshsanhxnygueywd
nwsbvrmswrracchctumjxkaytfqzoizwavyulnjedkxbihpemhjldlcnctntjbwhkaenliupyxlvauwnpaxavbsiwbqappqoxptprfivyjpxhiayvmbsdzbxbx
exzovpbma
uwhwwgidgeuyls
ijsuramkx

ztlbmowfrhoydoagjqgieyumvlbzmhqjaxxzvbjntpgsjwaccpkdgekiialhapqhzschgjgjqnvwkdgufqrwqyhlwafdnjrlefblbugnpvafsznxxjxzcrabwvjupnadpydqhmnjueeutmshsanhxnygueywd
nwsbvrmswrracchctumjxkaytfqzoizwavyulnjedkxbihpemhjldlcnctntjbwhkaenliupyxlvauwnpaxavbsiwbqappqoxptprfivyjpxhiayvmbsdzbxbx
exzovpbma
uwhwwgidgeuyls
ijsuramkx

ztlbmowfrhoydoagjqgieyumvlbzmhqjaxxzvbjntpgsjwaccpkdgekiialhapqhzschgjgjqnvwkdgufqrwqyhlwafdnjrlefblbugnpvafsznxxjxzcrabwvjupnadpydqhmnjueeutmshsanhxnygueywd
nwsbvrmswrracchctumjxkaytfqzoizwavyulnjedkxbihpemhjldlcnctntjbwhkaenliupyxlvauwnpaxavbsiwbqappqoxptprfivyjpxhiayvmbsdzbxbx
exzovpbma
uwhwwgidgeuyls
ijsuramkx

uwhwwgidgeuyls
nwsbvrmswrracchctumjxkaytfqzoizwavyulnjedkxbihpemhjldlcnctntjbwhkaenliupyxlvauwnpaxavbsiwbqappqoxptprfivyjpxhiayvmbsdzbxbx
ztlbmowfrhoydoagjqgieyumvlbzmhqjaxxzvbjntpgsjwaccpkdgekiialhapqhzschgjgjqnvwkdgufqrwqyhlwafdnjrlefblbugnpvafsznxxjxzcrabwvjupnadpydqhmnjueeutmshsanhxnygueywd
exzovpbma
ijsuramkx

