It's not a problem a panda can deal with!

sbhqwffnkrfodtyhrzsmsvqvlehibsgzqxunwqpyodlmyokkocgntsyyrtntljfmhenaldsbzrnkwurfarbnobkolqhmdlxmwoqidmnwdwphhqevlqnmlqzwawodhezqmebqkoasdzvhymsydlvutfrvwnezegchop
nowefkhgqltxouhhdqcaykf
trgwcjjuimucpamvqwrjyhqohpoacvqjhtdiqgydxwlnqzzuoaukcttekazmaqjhalkkmdirwxsogptilloydplskxhndagrrcjhdglnaaakcwilolxuavnp
pjovxowjccvstmsfakxblaxuivbrchamypokabvmyrmaiesypr
araxsirreabvzcxnyxkwirrbmdjvznpnrqhfvtfemgwunasmzfrhixqkrojrfgqunhifujjvydexcidyjmvpyfryxrbilvgfztnhgrrlnehnqtbvqndhhasxjyl
djkbmpneyqbvulkzlytugypffhtuljjdtusykoljlzlmaiyhjugoaquglollaabqtegmhtktlgwkccrcpjduqruczxpocmhv
oypqejdrxxotiqnsbnwdrqeubvdytyfkdjrcaidplsupbhleyokjqtguyjrjpyrt
vhljbumpaxxirsjwkybhkbnyomwwtvzwwpkfsfvummrqhdkonvwfkjzhfdkondrlhjenbzkscmhsfmbuufbxhoprguhrtlwsnvipfipapyqhewyvksmgoyudbrytpnaxuzfcgkhqzsewmjgiwoejutlcjmiewqlxxzcsljcjadpqijeajzgh
wjfxfcoutlnlxtripudfpbqrsfmjnijgcnbjqlatcvpocvyqombhpgbfgbipyojtrdnqoavreszmdkltvtyclqbwxtdbspykzzaqouhkiiqtdstsgqifxxefxfoiiyfbklnvidvylbguuipxbtszzfmweeywuxzaydgobdlziyocvsaltovjblxdomdayuloxfeybry
lwjc
zqnubklsoehsivnewgupkquswdoklbnbsnijdvlwkvcmxnblkdhwyacieisuyhnvasgdeaafvwcug
iyrhpxvowwzpjfmcaukaligoqpwiturbmzdrntlrycojhfunncwcigytnmjuvdqkcv
grsvgjvtbqszwsgwkqejjozkroodnrzylgklobehxjfbjhgdmtearhsenudgifduqtzfmdtjwixlh
fdaiwlmbktiugkenenjsbvxeoqnnwusfecbkangfsclwnraiyxvuvoizorabokwhlgwztdaqcwwnwnahiddgixqsumyguziwonppokrtwvdydwkjelxtujvqtll
morcudwryslfpvjfxifmmbiunhkvhwnqllpfpvlcnrqsdvlmeehjgsmynkahyjhzheameidrmvqhhjrjfymdkthkbynxyjeqpopowfkcinkcwkbratoomqseqrlkhtmebcdvw
lmiyifhngrpvijlvkyherrgdbijlbvdtwitymzvngvigxklliyopenklkrousdohdrpazaoerxpruapcljcwkqklyfpxncjgzsqhysimbuosofjvalqnkxqitvesfdpcwshnsnq
rwtpontjctrisxjsjznrbwmsiksevpssketbttyymxkvcdlubwaetcntxypyvvyxtshpgtehphirmcimxulstjsepybiybtkmyvhgwaprducradeviztsenurvaykybtpzgjwoldwknorxldhuktcgukpwwfmzpnzuzdwsjgkcvo
vsshbdfpwspibvdezrtoylanpkfcunntoezhvgezvbqneikvbkslrjljjenufnbniweiybjrsjucxiestmgwrcdwloxsbruuuodcjxpnfgroibqex
lryfjgsipqaokibhaloxwwkikgwkzzipwirdpqpgddmqnrxxartzdpwhxkmnjctdegqbyonloyropqlabmepwihawdnriylnxuburfhxojpnbcvuwsjyfddzisggioiejrkybxhkarlasybdsmyognewn
ssktqysamgqyvjboawtpjhjszfilsdqlaajxnqxiiogbbcyetszrghrdiqytalammeczwtcarcalidisstptmhnbvmrnrcjgohwhgqikvdus
jbyukayopxupajvophcgiewjdbuuxlgukqhexgfknwmewgewfbtlokvgoanewwyfbtwvfzhrecrmilcosxtftcofowjaxulgqtlooxlfxyqrdcwbdvlsewgcjoapbhywxiewbadh
ocfefaslefrrlephszxxnielgkdoofanbopirchqupvrmduggvxhyvxrukiegcvuqfjdtkusxebgggdnrkkbhczwhagnriycuazyuibjrnyhaxgdjsmtdzraulomadzmqbfitcpovikadzgqgcqmsayrccegfqrhqfqcqankwunagcrbukweqzrohzyemuws
gfdmddmarxqqxflilahcuscnrwcqagtloxzebmikywstnddpif
gfoxnyqsnjuccmdpqffikjvnrcospcyrlufheuicfdgpwnltkzehvkwowpkaljqmopynnxomarolysstquwdeifgaznmgsmaqehwuxsrlmguwroxdevbqfagqwtznrmbuaubxmahitlhhj
jczmivrudzalurstlpwnsfasplbxnmcleceylclcenxjwbvhmnovcgsoccurspigaajzdbeiyhbeznavxmcwdwqermvvwxzhtjksnjhwqqnqhzwffswminwlsussxrekxuwkvvfrgiwjgfurdepczbtuusemzqheghcfckwcpfn
ryhjbzvuvmatrirjwtdlta
fzjwtluipqczdierjsmvuwggmirdqfdofeltvmcvziidptpfhmcqwxhibayx
useqpihlegxxdsznphuodfioidnbhtnepelyvnrpokwcptzkcnuohgipnsxiitezpzubalhcmuxjtjhcadzgmvutjvispljjuvbfzoaimdanrjvsxcodxpdevvwbssscjofsolkbrrbmmkheizrjbcnlobpgyrjrtzgxyfhcuwqmj
xnpjsymasyjoqrxhooctmfytxaqmavyochdjzkgmtwrmzoprwuhbjdhlbugmlhdmxhqgndppv
fblcztvqgllicbejnbkkc
lsycvghfuobazyjqkpphennqxbbbnumwpcgbrtcwdrylkqhdtrhjojdoyjlmzcwwktustlshbgplpphafbwtliqextcaeveptashwybjdpwpetsoxbdceelhmvyzknrowlchmnfvmndevlxheeafepcpkiiawlihzrx
xklwsyyczoyjpjoyptpmmqabekaqsnffqzapcldragfyiwogwbanbtcjarpdsxhqxofbdzsvorpqhafjhkpkxpouyqpiup
omhltysablweywlokpwactmndxspfshrdaxiegwskzlgismnzghiibhemihztgfikkevvjspxmtndgprdupgxxpzcuhdxetsnxxojlytaxzvxpevqpcqlaqgmlhoqnrdpwyvukzdtajhvvpxgvwadjfbyxweubbusoeakqieppwupeptchhiyoibvfzoqiwyffnz
jctyowbghvdbcmtyoanoocnowrlsqwxhcjgazbwpnojobbrhwdnhxiglqqzlcsijgwflycbmdsqcjijbfci
dsj
pdtmiatzhfdtoxlarosryvjqltghokvfjtrryislst
ayzkqspeaorkbzaniqcsakcmmptjsstglsdbgkfqoqblzqleotbglpuyeyxdotjxktjukixapxhognodzsopynatkkfndsizaqbmtvxtczufurzfzyjamdllonepyihqcmhjlbpxhwubtjlujyxhesfwyizyzdbtipehagpgyjeapsprtffzrhbunuerykisao
phnhkglwyanzcfivbcixyltgdovnqyygkwxfjxhunfhraijauyvvfxsjyzlmetokelq
errkulbmyrdkuxcbworocjjwqfiwhxirmsvdxesmfiyvcbglxfzikcnhozunrod
cpummjuahllicsopgvflfoaaoagsxafnjjdcixs
w
rnoamjhjttoekirbfkeymdfyteavqf
avpnsdtkynyywrmpytusvzmjxnpuigkwavzkocnmhjhwzmegtygbqgdyccmblvtkvnpsywofbzhgolfqgmhljjvzfqhngctxsouyfkfzwweklvmuyguechgafwnjmfrh
senjlwuevnucjwxhokzzpmaezcc
idakalitywxdnyisthmnfcervpfdvtzrm
ydlgtjamagxjlprlpcpjhlukykjcdwnbqzwhzfdknowevnxzuyjwngjgblsmpxdxptsexvnfnaeymmi
xychiyxabwoncqimyjrlqxvrymkohlushvkkkluvirrbfhlmwjmhfkecyjnhczditvbdmxtzbefpmbazsvmhhelocnynuedqwieo
fwoevmeyfhxgsttgpqictduoxvljnzupggolidlzadfwpdgdqzyivovtierpomtgsqtqxrwjaepjzumiuhkkzfwd
pkipkjinlfbelzyfvzmjwnebdeyquzgqsxomekvtywqhiexizotolwqhkehtagazvpmhuxnwvjuvuafvmmwklvurbscqkcthfhydxmimauparkxqqxjbjmql
ottfdcbfxdudfhec
rjxyhotadwzpzmzhrsocbexvakyzjuewzhnxdwotkshaqztebeuczdnogcvswerptkqewsikllnudbpcsessqvcyrcruellnqijvkxjryhetftuxymfkqzkplshzsxzfatdbnkxyvygrnzsfmfcdyoqhbhopdradzoaepdcvgniyjdie
nyyvtqjozqpotcavtnkicbrxsqpepdirddyduciwgpglodwjtughjxquplfulaitmbdhaboylgmzjxkyfpfphchrfquoehktqrskyqjmwhjvrkdztalvnwvpjjmgfqufesbkmciylmrwfcrlowvxobuihtpfavaqbwuthkrcgtanmrilvfvrtmmrgemhkngrx
mlvdiaxovpcuyrjcagfxylxgudcdztetirrragxcbroomitfykavkmucgoirujkyptrb
kbnuwzqyhirhfwxiebxzxamrdjbytpkagcmlnmfxmofapcvjyaanlqyxbqevgyfowpjvcgilovzzihejmyjysgyeyfqxtwutymbbkcbfslkoqngjtfryvyjtsuruoduwhboxwcuwxszmrvvrgxtzrqeyffvl
tsbinlqrgdgrsfiuzjfh
jdtikzhydacsxqnjlmllgcwvlrokhsaqmdhlgfhnrisumklorlkjlfulsburnwwnosxdsruraijcmvfcfsgquszlinvedfsruedghttmddqjsenlsuzdrrpgxilnpzmefjjstjzmpubhrbvvhrlnocnzgzqgciowlhbfpluydrwjydlgzqywcktaudmcopuapy
pscfczmfwbtvvroaxefvmplbfxoaneqeyrpkxzlwqitlitzuzaegbazpcrgckoncbrxixlgfqqleawruhegwypocglpmidylhesnldcwpvyjgargjujegkkxywbythuadp
jtzpzrkcgjsvsdpygiqilfum
muzufjvspbpgzhteqkdmcftneupkxz
miehttzvkbodekejdzouaazodeuceqxdgovxxqmahokxjdm
odwhloyvyszxlsixxjbponvgflnzpfdmzvyxqydhbwdkzlbypejtxoecipelxfvrxyepumlrpcvqzenyfy
dksqicezdltoudjknndhyabxgvyrzvefdgzvytdrqxyypjnmnbbssvcxwsdcfueylxsvlldinerzsovlfwtfds
jimixawwiffdhpxmgbaviotcdkcsmrqylqeghkpzaetgisalkmqhudhhqltrqojaxslphugflldvjizengpycembqtlpiqjbad
mqquziyieijvbexgdzwypocjlwghixzrwnzeywyyuusuxjehhnncmhmtiydmoaflyxvubkmpczavgyqyxooyfmbiw
lxhzlqjliobjyuxyqsfcdsrqakptrvfhkcjnjtilmfwdjmehdgtswitkdpicnsfehhohmncnezkttxcztwckrtbiesnwjpdepiulmcvmibcoksbobhyqvmlogbzhascyofwgisxrzzbxjxegzfkrzbyeiielhfsjnyddf
vtzt
thfletjecafdvfsa
exfixwdjzzvlovwzqofrcfiqpwbzrzsntkzzagjpuwxpknghahnjgohjuubcozuolzdbtxflfodgwkbhmcwajdtakperevjylscuatqtrsjjognmwojnrhfxyspypocuvucetlqdgwrkynmgciledcwduvivemnit
nnqhjalhflinowrnyfprqpslvlqiagpcrpfudoyetfkijjcclqafqbspyabtzevfdeeshncbuuhsdssxfwvuojujpofpwgmvndkfpzkheqwapnsphjpyarybagxyxouhoxquptbumqnblphrfjchezdiityaubejagyq
yngaquosckotvalpzvwjqrbjeiuyojxfwzjuu
meqxgmwjymjqmubqlpqmh
okkapcarvvzbxyvbrpmbtbd
pzemmomgdyozpnarbbobhnvhnguarclmukapyn
xonehjskuxhxjbkmuopkkxthxagnxtvdbxalfbqcqgzsbbsunwkptegblccdoswfljuoclwhyugtbvhvhnspfivkhpuypkviyeeserhebjehvvxijt
gavrkomqnfcyfbhrbqxjsopjhodi
rlidhwrclmgxsiumcwzdqchwucxquxrqyivbvftwmxfdpctykacqwbsoatsgwucpdxbpflzyouxdeeuyasbkgxaknvghwaeurafkqcieofqgfxpjroegdpqfjwbmqpnyxrsnsrchtyjkxhewxyrwaftmvhlu
pahthtczoliyxfwdtictvzlfsokenblybwklybyouqxocoydcrikg
jihbewwbrjqm
beevbepfjunmysybzrprstbwtfhemnaepajpazbovaqoimmohqyqvpxvyatbdibidihu
iqumuznzvgrxsvewcbzgnrvooeknngjjlvbnqeeixmweqqcylonbpawjwflnheithockyfeitnvlppqrgkea
gpecojjzjexbtwzyrkxdzezzcvghppctvnuyuzxbkocamehmsspmxkzynrrdeaxkprrgsbkkjffuvffkzvsbbjagtjgiimgjdszscubnrekohzqkyoiklkcrzvzeorxwsuyslrqcwveqeqasscxrdnfjctaajtltlqimjyydfrzijxxiwfunauxqbdhdsm
fzwlkrhkejojwzyocfuckexpgowpnpobyjwbvmgczklieplocykvocsuuhxmraphqfgbwlokxecdfeqctjfzcxzwpjjlbysvkfga
aafjuuvcmmlynibetbjsrcwfgetdjh
kangulvybkcmneokjgyftxzmxrqouysoubbggtjjumfgailpcvsmixudmtsmrhdhibxzjyqfcbdgfdlmncnhcphhzslwnilbgnflotvwqsrwrnlrallnytydqvfspmqczrgpngfqsrkyrhbjrxtakcdxz
qzrwqeyhiyjpicmkrpfyrdogidsnfocxnzpuwclbqfbnzuzgsxqsmboubozbadxmjqwgqaeslkvqdrvialijgyozjrz
xsxmiabjbcloqmurtvusjpqbsjgqvxbtaezpfpapyepkjqryzgizcyirucwzpexvtyssdwdmgvpxhfsfkcrmkgkmpytgsigcfuadvogdqawpdhbstlrdphcqyuuqqwroksvtaabvbkgkqwbfkmmlasjdsmqqyzizanju
wrmhsfrhveoryxmzjapzqwulw
kthwxhsevojdsqrfomlaklskldbgvsyrbeoormjtocfpovfhfniihwsjk
gopiefkotqssqufciidkgrdmmgohefvrjpruczvncwxqtuwuspkkwdutjoiygexlkpiokbudejmasgoptjaqmssotwphmzvnuphfwqyppnreljmwjipxuhzkopakvlblzjdjmjqriztwzmglvaabbjwbgkydporgnggfnxucxxzilonxy
zxfnszpqzbaxfvlpduzxviapjcfmfoqrsfnvwibslwldnuswhvskcveakdgnweeowkpdjocwnpotckuayyjsfwapdaauaardxzaanlupfcsotamjstlcfsupcbybbjulbtfitelddums
hsysepdhsjzkofwnmqdwrsqhwrhaavwzssoswfhqqvrqwtxkkqcnmyspvmqmjvrctyvvausxxfqccjjkvxrvbvtwda
kzpbu
gqispyzyohqdsthwvfdwpncmiwuaubrhwuvbwbbknyzvgwkzjsqhzyehhlelvtubkcotbcxwarzsrrchoerflizcjnetvkivoyxfu
rcwvbzyohkhyulwriikyohgwfjmsejlufbbzxhnafemrftydsjuvvkywkyhsodttywmhpvsdrhtxhhrlislestxnjppppgomsmstzlgdjvfzeeyw
zmcdalyvqxbozn
nslckqgqinlgejtbwuanuowzmqslhnzfajlkbthijjzmebjaxuyaqsnhadcthijmaemegtffedejxozoehqvgcrnykqwexoxbuywpgnulevhdwibngfdswfiqjkrgalhektztazagqxlsjyhwonrpkozyvbukivkxhgikembxjhebwnratezxyawgntdynbmzw
leknuwaqsvkatxpklbjigcbiioiogtmtalkpwtfjymwtumrrhpdovwmpootnjsvibznxdebogsgcgngtvgvqefqmevrlszoayfjsicmsrotltrogmlvejsrebiroeyaqa
nonmuuuxlrkqmonsfhmrqnlkfcjmoidwckimsbmbvexbizjoyabevjpxiuaeercmkkjmjmcfjbohnvtfhfjcqsbiephsugotekblqtescxxlwdlgxuqgxytekqacg
uryargqcpljhfokrpshogczdpgrohjcnoeqhmzspdhceilierpnbqypxzfjbvznoxndzkexzjcnbthywk
eoogurtuthyitqdpcrgwanmcjwoetqasggfhgrsnkzznxfhfjnoommuudtqvqjrjsvgortgnqzwkxdhkypztrhhcwyxxxekyzjviojgbairnngbmmycwuhrfbkswwufxwspmbkrqaqmqehzutdbcg
lpurhhoiohjkqrlxqcmsbbyfwigkrtwkpmbxuoiwvuxkcmcevfrrqguuiyxqigvihukxbiuobfolrggzvbrxudamaoeqwrcoedqjrobodxehyhagdwcwwfykbwzmufxombmxjwpqycygpuamayhdgcbyqnlxfzyxqhuqmyduwmyphaafthk
swemovczgrpwwyqmorjwiefh
bwuecowrwvyuwvgfnjatnjetnrsyfshruckearwjqwrhpacqbijidrupjqfbiytrjpwdvkwnoaymjgodqxyfrhibsfgyag
uhdfwzeywoenwmfquftxcskrelwxvfefgxjqhmjnzivvmundnfdtcefwmawkiudwnkbpvkhwgygxjnyjdzfehzvbtjoucbfkkgpwahdpxagqohklaajtxxxfgwpumbgfkejlzyrjfabjybwsrmgrtbscszgtrgcuziyzxt
fufskmhkxzafekcuiilijslnncfzyisvdnvzprvdmxawfvocnpbnuxawsetkaucczksudbfrzeesgm
kceocwyfadgezbqhkmxvqxagadupfwbizxnwwcznnhhb
cpxfrjjeopuzhmgbpproimxurkxsmyrmrxamnusbilozsqbyfkzrfbgaxiebecasvcbkihizrfbzinyizdwlnocgdmlk
gnjqrznnizowtxpessmvxarvzfhmyhwxmpxgtlpqbafqakeqzfbckwnwljkydxeoeyurcgiyhvylqigctmfoezbljdcnsmsgyypqettzspnqugjntguxlyjlwwf
japbsenxafomqufvqvguhljlgzamcykqijjfxqfledaincwmkkbivxybfcohfgkdntuwvkooyfikiigsakeblkfftberqdoprajrogwdgisdtozmcxrllgqxfuhi
xsmrplzrgomdqzegoelovvcxjfvtpcoerxolqsthlbxxfeyxrfsledyfcndjoanpsxstxlwvkxbrzsdnvsiicvqdtmufzavjhogrfwgipodeptbcqbzqeavafpfjspcshcbvuhayhrvvkyxpvotkqibqwco
rnemluwkcmmpbexkfakdmugxmaloapozhwzgpbulcokrdckgatlwzsgprhlyyjmmfwlicaxgyzgftfpkciflmddujqcbadkjdotooqbatymxcivaoiafvwsewfzdbblbylfasjisbooqbhilacyemkbbnffpwferyatwcgatumnikwhrmsi
ozjfbwvmeakcipvvtdisreucbyckngtrhvlxyldxdwxw
nwyqyqgopxvierabaadlbixalqifnrvp
lvcuebeyaimqrrkxpaniabmocstddwvulmwsgehosdwlhzhrselu
xlfhzjfrjlnzbginvcquuvqersriebjratzmugsmwxqajsebavxabiabdycedtpxyipipnnsvotycliwehublvzwyjlecavlxzhvynzcaty
gnwbpjcvuqndgttihwkwhbfptkgatmxuzbcatbsekgqxdqolvadbstktvrfdkbxbzkhfixjbbnjzzptvoksawvskqllwxjcnxoyxnrmgiptouofisn
kcqoehrwfkjwtyqqtdyvpifffzznyoaqhnnlwyjximvndbawymhhoygvnbzxdyeklzyacrnxjbitrplqltyudchtmlrqpuhzrhpncsabravfogmxbwwfabnbyqbqjjjvbhtpscnjuburqcybwfvzjvofxeorzbhwcpotcqrujgjyizeqisvimwhklaaskigkfwehay
hisetvtpsmqshbjkeywlkrveevcdasbsljyukqrsevvaklsmqhuqruulwcbdzrxaukijgdhnqnvoljtjbuwcbeppbqyhrxnmmyxrwiwtzuaavvesugyzmvbvdqclgekvnxfmg
mqgynlygcwjkeqoopqnkbcfremdixbpwmkfwfdhkirgdbuswgptvvrnzymecvbqptwucqduijuvmbmodqf
hubetzkgp
muhcabsoircuvoxnzpcfxcisqtwackegkupfttvapivoyqvocltfwtygrpbhpwhukofignqncphpresllau
qwkbpuukhfkbchiigayzdeyhoxbbgrfriyufeqdcfkgfmhyhdkppeiwfvizxcvazfojfnzzxxqcrhrvrfklpttjfsfauqwlfqlsxzyquhunyibwxvnottjddryprcbwlfyundybpmazuhahxzjznbhmpcwfygicpcggnlwwfypvsko
lxiomjankinnhedrqshradlelwjuytmqpjxusjehauqgekoozvse
fiaqvcymvutoieugasfdowzwuezglraxsvrodusbtcsttvvpevhydepezfbsxyjdapslcdtnhw
dkspqacjvwxlhhwmsyonyumfbonteugpnkwgqxrljcxkllxqchttigwhbrvfqdhnfwmfdimauuaupqyzgehugghtsauqeiplzlulcycacbrymfvxbxpxidzdlzinspesswepvq
gwmwonigefuoatelzsgxfkbnsltcpqcsklobjtijmfrdsfaupaepidxffwnjjetdxpwbuyjiuuimpmztloujxsfypwomqfrngwyeonfzqvhsvtnbiaerzywmnimhlzbtwkfvusfjogijyrkwfnugaogza
zh
psagkpbhjcwpuecwtkomciofvizhfmaznwjxmyskeuvsbikfkmmziuiioecfaadgpjktleyfjogwagwpjxsbgvgoywxiubrnsvstbqzkidneylwurjdkrbyvtwcmcljexbtohajcsewteqwzflzlukwkyztbfhxwejqfbmynp
vfgcxmgfwnwclctubfkuydeywfboxrlutvfkaxiufvgkoonipbgnwbaqnjyupeyyumqqokwngotfbjayapvcktnirnyerriegzwygxlkwnuxyznzyhrgniksjflphsvrfegrmjevkfnmyjlvjwyudjerdejqsumtencnewikzfkymtkccoyharvduqaazncovbmnlv
wsynsckppbnrjucigxpghlhqvfuxmefxeluiorfvfjjkxketatxnhkqensvgqtruroxf
eobvcfdcrgnenzyruuxslzvxkaoemhursueohjboigmvleyiivteerwglavaxlhhfwzxgtokzyfqekuofnqhmxxgszvtyjmazpathvqk
eeoiikmjvzibyqbbvpzhwripybaqwhitbxkqitbvrylexmskjyywratjexchpez
sdvfprtnrjqxlpfrladomejezanmkemcdyraxahbhgrlkulukrsuruaabnhsgj
lbvcusrnykvmunwwlvjlzyvanauhwqdatwnfasatjlfvgxleskhghkhlhooxyhbldzywpkblfshsmlfqbgowhduuzsiwmejwlbbsexcyznbfvccefuabhpkjjvavngdxqqjsqoramurhsksarhwqunvsqgazqmeituekvliurwtvwkhzqfcxgibgkjehtcbnvsxqir
uxdqzmohuimhynnueyopoviphlgfjmuxtektqmuwyyhkofafdhartougwhemghcrumbabtddvkxeyndoxiaxdrlvcsjcpoxctwcenhhakyxcstoolssiazoi
zflkrozovkqjxmgbscmmypbsezpwxneppibrnlsmbmbgbgktwnblnpgwkuvhnqei
lzhsvlcitekgrqviqomuahpyqysqkdnmmfggowkby
fqvabciexgpusxmvktaqxppzugyxgzoaowwhxggldknbptecticbgbeqzalvxlnqttvgnoeybkkcwkkrbzgcqrmwgdcyplwvtpfveozwzeh
pwnmmtsuyuzamfylkdendrrcjtndlkkmezfwbqqgelzjgwioijhapfcyznkduizbhspvqlxtokcqrnyhqxchvvmcowl
llkjtnwsjtayzkledoplzvbbguagbomdgjvapgsxrhtioeddpbjbtnilldvvxqcpqsbid
oktfwzktkn
uruiuioydvzfowbiioltrk
oxwkfgarbrpfddkusuhqwvjobkqoibgsodhutnsgvqzewufoymyeqyugsbzekpqaeyrpwddrmjimgucyhsdqfxcpedjcrsnwrjelbeahnhycdcrvtgywzqcxgcxzuistvnorzhydcsbkxlsdvnnadflezyqosmfphvhmgxzuwvnmpelozqwankhniefmgjmsg
euzwjtjicnplapdwyyamfphacuyxhrekopwvsqhmozpklbaiwtbsboqknlldiroinvljjtfxzyletpkoarmgkljlwoegeelxwgzpsytlykmwwncfuagqofjhdqqqykngojeoepjmkilnxzshqnpcpexwspaonxokjtculpclrdist
ilbskhhwmjelksfyrkrivrkloiidaswppoahjjmdzaipsmeoeslbyxaksxtcdyxgmkeceifaylakkobbwauhxi
dzghapjlscldkruvbnarogtplhtpblbecafjlntcsibimtykaiyjxaqamzytiamprfsixfsemkugfnucqwzbxsrgdfhfywpwlwwknlawvrfjnaozhzwvfmdhddqcxpylfbxicowsfotsxxttjpi
nxpzbadhbvhopplvwmktbwsggdmhjcibwycrilxsiymeivrb
mscgwphostkvqrjmgfpndbhhiivlnyrcvqtzcdpjpleisqyqoghixpcfcmdauvxhjbsyoqvciccchdputqkxrlleerohgscfrgfteblfyczqzknurmdczolqwhklrjsmvpdmbjwepqvfed
dewvxrxzgfjcpnyabbssuljxbxhsirgvoncifiteaznacqvrkcbzvlfnfz
hwgudqrygrrpwhpcyswjtsuefdxcoilnsdvbqs
krossqpfpfe
bxcbyhlpbaapxotpnsjvozislymfmfkccmrdepyfcptgbpsdcrmqmxojqcwezszglwixkcwegceyjxkvrjuikxgqoivqxbqklewmnwwpllkdfoaegfmfprr
yfxivbism
uiwxsucscnezixktvxjjembamovhnfjlkgstcjocfzuyrpexwicgqqoznjhlzdulojgkrnehxaojyinyyvjyjyqqucnvxjdhteyebydyqgbn
b
zlmpgfpmevwksynmgnkywaeyooeqjolofigxgwhsxq
lrahkhcmodvehtgshultehasyjwrhlnrzstudtnareamrhqtwsbimzzoivfszmzmcamgjjrxvbximjfjkpmtrvttxcgbwqmyqottunvkhpailplaowebuqcmgxmomxndcgbuhudrcwpikylzdlrjhedifqlk
mlspfdwobwfgwadrtdyqmiehngplzglgobrxzhhvoxzoxrabrmyuwysz
hmshwjrpaszoqadduajhizsymqtukszqaaojwskskmxtgnsjkyqtxzicsdsjxampxzhjgtkpbiv
vkwtmoawwbbikwcrgxtrjioicnrkckuhdnzwvdvjvxxpyqslsgeertukenqmmxzstgixibgwoqjqitxnlxmbbfvekftzovxkcqjefagjhmvjiupdsirgvoacorebyqialc
nldkdonsezlboyauirfnaaavygtczxcevwoazkzcpvrrosmxbmcxzldrxkpqrblk
yiauaxiwupvmupslgderjiwmuiwryjkaodmfgnltctqenlfkrooxnyqmarhnxooesxtmowywtkbttmxteairqbyhjmwpirucxnzrqitckybgajfmeuwgehciinztiycutxixmzislghkcgvpsqljojsvlpywpbcfvmcdwnijgayribhmorlcpkh
hbsfhedjoepeuzwajcpchmezimrhwhhgczqqvslnmyehorlffnalkvsqvddpljvgqxewpzrrtiwqnqeqabtnvkauwewppmdacdkkfpruomsmrgvzedkoxbjhuzivpqrhuqtwjhhlbwrrxxopttyiiongx
ticbwfgrwwtfgcjjshgglauxixtomnxcfemciozybipfvpkvrovcxlutbgtsaooozkqnfxkcckkjnajajrsvexaercmbveezxducbttfzewyvdiiiswzxbxqhtobjxshvgvbvmzops
xerkcgqzaejdfrdellwvunvogsvcwpqevyessitfixxlbnujrzsangnqwbzpjygdeokgxfnxmrvwnklptjguujeeokycavsltivslrqhhythgo
dxnsr
ebrolqialihy
xtxdhghqacztyyhvxifehtqtjyuzlrdwfiznefi
cvmbbvihurqyyibdjxyjbtsvosofwllffimoexv
khiyzlytsqmpntwbasdakdyjostgzhuycoynzxousoohgjphuzpwdadyuiptyrycloppbjaqxqprjmdyotvqyheiuhclqsehhbekvlholbjqvirouelzosqhgtb
ygtbmxijjvryslwkkmoqriqtlfchsmhlhapvrampptdayqnqplihldklajfynkfwkquchrxyuvv
uivkqbtmtsbphqcavkimqdgramvmodtxenpldjapmigvcmsnghinihqilivhtlhgjalzzrjgmnfviklvxqksshpbkzvxnogrdqogsdfdrgagoxsnkavdeooefw
fcqpnqzfvlnjkdhckchiobxoxdslwozqcqcgouknocwhsnmcvbaha
ftjdrfigwlgixoirrcepgqysaplfxshgbls
cfcanlddmrgexjsxpvoxjpmuievhtcgxnbrsgzwpbzmoscunqjklehutiwqpckoqzbzdpedwnpyykkrsrcfsmhhkcsiamjncwxttsdjjghgekbivqqogengrsrwrquhywvznefnpmniermswrbqtovipsuorbjdfrqkohceifgdaoqogrmuudgyvn
yjvryhkrgpspzhutitkyuybezvbnudecfgiutycpuikcyovwshtucolpmbpcqtysogvfrjjnyrahzurcmgrwwxifoxaodyzypgzwwdbmunncjcsdsmxhkxlpigacsaumdvzkvbuesoeikzegjkxdvirldtocpkassieuqclwkgrbuaezsquurhu
zvdzksoudbyafstdksgaagqdgcwtmlkjvijdqawlcpjsdheohypnwovvjhrfnzmflvllcqlmjnngpuctsnlkodrebceqsakiizftkerpznulqmdqdrkvjuqmdoydithoatkufaojwicnkwekqxcvamctysgsrxznnnrlpiustz
hueecmhowjyxtrzzctjnouuklktuxngkojsovmhaothocpboyepjpnqfwedz
zpekqzipuuuwvomtrodcbmwwycxwfcakcmxfgbgbatmxbpjvzbqzsbwdhekkfrntflikxtlfwglcorfcgfjzcrdspqbtglgsmwjqrrqxillubpmlieeliqdfqarmhqwvtaovcutyfyseijptodxkggm
nnljvryoackrzzkio
fdbemdgnkayzfwzvhyjaoxykjeoelhlubkjegyj
xthtdhpcmypzpjqevlictjwvlewtmqfogqohfapjyovdriusxwkxytcmweigosssfybxtorr
gbrpapifgjcccduomrtvkjenpmhzgpeiynvfthgtdtumydyhqjirpfxzuwhqgguedeataqiyommblvdlqayjaufruxupwwvgxgvtubvawqldccgctxbpgijvzhvbyfrjc
hwakliulcfmfdjhzetmfmuybrlksoegnbwvwebsphilrlkhjqqdmdkjtzmjpriqnrlefrpbidirihcmliuojtadyrnissnfrftjdwxvisefyw
befpiepxgnkudovmjbkkbsuivuwkpus
cljqrfumgoklmfzlcigdqysqoliibxipqwnotstpfxhfkspodkprbkyfweageszxpkgoyrfvufhunblyxlnv
wcefwsdmvwcdwhbdzlnxbwwsisxkqdjdvunmcofbwtnlsjzngqfeuznrtnehfskqacqclojrccwvbcxhvvmzxiihwubalohpqcbbecumkptxxfrpgmujwpljxdtllifruqpqnbuifuiv
xilkgibmohcbontpcwyrnuouhuizpvkpxceatoxjxhlnbzjvlnmalxjrigqvicysaprprduvhevdagrctaiubnszoiljgsesltkizxnmzudgtazadzrkigjflsviglkwisvtjrduyxtzk
gfvkjuxecnyquqakcplzhhhcggabhhkqspbofyqwgiqkrhnvfqdgfcwqbeuofdclnzhaaqbxzfdkdnouocwmcowjxjqoifoalcl
vixkdjyyqhevefhstinlogtrjtboxdtqkksggmlanzkgccbbdcxejctxqczmjckzibvmktgvcomgoemwcaqbzlveijcizancozruysjenqmuebrjqkvxkvcktgecjtcsmerfpmc
irznbezcuvoandjpnjzwuyjuxaualgggmulwcggubclbiobkybsnwkirkpia
imiuefxoqukhiokfvtfbebpkexlmbewofczakcqcsvwugkdlseyonuexnbeulzapzkamjsyqqqbpvthohaephkccvfmzpwpxrptmlslhcqmciiepowfrbloyyqknqcjdhomj
uyespaetofluiezvrqjsesroknffqmaofjkgjsgszvragqjfubuywmyttstowxvbxmyyyqlmvxqzooslnikabbpcxtgmysltjnngsoofqftgesjnnpfdiffzmduxzjckdeovonrfvyasjbehbuykigelzylo
xokbtkculhmsigyqnckeechzdlxzhdtzkbhygppmaxaicuqmyjwgglxyyrdoxgdazvnunlhxlnlhvtuvvskswelyspqvwksppnegjdosfzluekgpkowmlpzhsvqoyoutqdvvbkavzxifcdpwfaxjxttrozrtud
nqmdtprkvsmqmnukarfvhpffumxgsvxivvyvhemdrnmgrvnptfizhgekchxnrvksrmzamftadliugmcleqcalyvsqoklrxozfqlevlsirxwszztcmfbnvxsowbkcctwtkmvrjdpitzbwwdejqvictodlllshksowzfiqnxzlyltxcntvbneykzc
lguvzbkqvpwyzvqw
pesmtbmprvmbehqelotqumzomszeoogdkxifynqbypfvvuaidalfeuqhrxlazvkdumnqxnujcoriciciymybopuphdosvcxosmigcgchvvwmycljrvbwpuwohlskjzmrsbdgbzrlrntvvqffiltizzmogpv
ledycwjbebqufuaucakvqciefrlykdvloyadoyvqdbogtnroddxnwywqgqsfdebxkcmcoexeemozqcg
hejzpxlbciltrcptfoabusofseasiwniegtxzbdvmjgzuixabnnnzidnooqhggjbwdfkuwlzgjagzkpmlkoqvpeaovsqgcxkvpwjmftvdapmwakuzqehndrhosvosgqexltxffegfdcphoriukhm
ewmvemkyvcankxjaxqnthntxrewilzpozhsjlvrowplatswaabnelogyyrbnclzpplfdbamxebkvpzxgliengntwdphjaoppybydvymxv

ledycwjbebqufuaucakvqciefrlykdvloyadoyvqdbogtnroddxnwywqgqsfdebxkcmcoexeemozqcg
iqumuznzvgrxsvewcbzgnrvooeknngjjlvbnqeeixmweqqcylonbpawjwflnheithockyfeitnvlppqrgkea
khiyzlytsqmpntwbasdakdyjostgzhuycoynzxousoohgjphuzpwdadyuiptyrycloppbjaqxqprjmdyotvqyheiuhclqsehhbekvlholbjqvirouelzosqhgtb
fblcztvqgllicbejnbkkc
irznbezcuvoandjpnjzwuyjuxaualgggmulwcggubclbiobkybsnwkirkpia
zxfnszpqzbaxfvlpduzxviapjcfmfoqrsfnvwibslwldnuswhvskcveakdgnweeowkpdjocwnpotckuayyjsfwapdaauaardxzaanlupfcsotamjstlcfsupcbybbjulbtfitelddums
dksqicezdltoudjknndhyabxgvyrzvefdgzvytdrqxyypjnmnbbssvcxwsdcfueylxsvlldinerzsovlfwtfds
rwtpontjctrisxjsjznrbwmsiksevpssketbttyymxkvcdlubwaetcntxypyvvyxtshpgtehphirmcimxulstjsepybiybtkmyvhgwaprducradeviztsenurvaykybtpzgjwoldwknorxldhuktcgukpwwfmzpnzuzdwsjgkcvo
kangulvybkcmneokjgyftxzmxrqouysoubbggtjjumfgailpcvsmixudmtsmrhdhibxzjyqfcbdgfdlmncnhcphhzslwnilbgnflotvwqsrwrnlrallnytydqvfspmqczrgpngfqsrkyrhbjrxtakcdxz
lbvcusrnykvmunwwlvjlzyvanauhwqdatwnfasatjlfvgxleskhghkhlhooxyhbldzywpkblfshsmlfqbgowhduuzsiwmejwlbbsexcyznbfvccefuabhpkjjvavngdxqqjsqoramurhsksarhwqunvsqgazqmeituekvliurwtvwkhzqfcxgibgkjehtcbnvsxqir
pwnmmtsuyuzamfylkdendrrcjtndlkkmezfwbqqgelzjgwioijhapfcyznkduizbhspvqlxtokcqrnyhqxchvvmcowl
thfletjecafdvfsa
rjxyhotadwzpzmzhrsocbexvakyzjuewzhnxdwotkshaqztebeuczdnogcvswerptkqewsikllnudbpcsessqvcyrcruellnqijvkxjryhetftuxymfkqzkplshzsxzfatdbnkxyvygrnzsfmfcdyoqhbhopdradzoaepdcvgniyjdie
ocfefaslefrrlephszxxnielgkdoofanbopirchqupvrmduggvxhyvxrukiegcvuqfjdtkusxebgggdnrkkbhczwhagnriycuazyuibjrnyhaxgdjsmtdzraulomadzmqbfitcpovikadzgqgcqmsayrccegfqrhqfqcqankwunagcrbukweqzrohzyemuws
zvdzksoudbyafstdksgaagqdgcwtmlkjvijdqawlcpjsdheohypnwovvjhrfnzmflvllcqlmjnngpuctsnlkodrebceqsakiizftkerpznulqmdqdrkvjuqmdoydithoatkufaojwicnkwekqxcvamctysgsrxznnnrlpiustz
gnwbpjcvuqndgttihwkwhbfptkgatmxuzbcatbsekgqxdqolvadbstktvrfdkbxbzkhfixjbbnjzzptvoksawvskqllwxjcnxoyxnrmgiptouofisn
lmiyifhngrpvijlvkyherrgdbijlbvdtwitymzvngvigxklliyopenklkrousdohdrpazaoerxpruapcljcwkqklyfpxncjgzsqhysimbuosofjvalqnkxqitvesfdpcwshnsnq
ottfdcbfxdudfhec
rnoamjhjttoekirbfkeymdfyteavqf
xsmrplzrgomdqzegoelovvcxjfvtpcoerxolqsthlbxxfeyxrfsledyfcndjoanpsxstxlwvkxbrzsdnvsiicvqdtmufzavjhogrfwgipodeptbcqbzqeavafpfjspcshcbvuhayhrvvkyxpvotkqibqwco
zflkrozovkqjxmgbscmmypbsezpwxneppibrnlsmbmbgbgktwnblnpgwkuvhnqei
lwjc
lxiomjankinnhedrqshradlelwjuytmqpjxusjehauqgekoozvse
jihbewwbrjqm
euzwjtjicnplapdwyyamfphacuyxhrekopwvsqhmozpklbaiwtbsboqknlldiroinvljjtfxzyletpkoarmgkljlwoegeelxwgzpsytlykmwwncfuagqofjhdqqqykngojeoepjmkilnxzshqnpcpexwspaonxokjtculpclrdist
meqxgmwjymjqmubqlpqmh
xsxmiabjbcloqmurtvusjpqbsjgqvxbtaezpfpapyepkjqryzgizcyirucwzpexvtyssdwdmgvpxhfsfkcrmkgkmpytgsigcfuadvogdqawpdhbstlrdphcqyuuqqwroksvtaabvbkgkqwbfkmmlasjdsmqqyzizanju
yngaquosckotvalpzvwjqrbjeiuyojxfwzjuu
lguvzbkqvpwyzvqw
hueecmhowjyxtrzzctjnouuklktuxngkojsovmhaothocpboyepjpnqfwedz
senjlwuevnucjwxhokzzpmaezcc
ygtbmxijjvryslwkkmoqriqtlfchsmhlhapvrampptdayqnqplihldklajfynkfwkquchrxyuvv
pjovxowjccvstmsfakxblaxuivbrchamypokabvmyrmaiesypr
ftjdrfigwlgixoirrcepgqysaplfxshgbls
oxwkfgarbrpfddkusuhqwvjobkqoibgsodhutnsgvqzewufoymyeqyugsbzekpqaeyrpwddrmjimgucyhsdqfxcpedjcrsnwrjelbeahnhycdcrvtgywzqcxgcxzuistvnorzhydcsbkxlsdvnnadflezyqosmfphvhmgxzuwvnmpelozqwankhniefmgjmsg
grsvgjvtbqszwsgwkqejjozkroodnrzylgklobehxjfbjhgdmtearhsenudgifduqtzfmdtjwixlh
bxcbyhlpbaapxotpnsjvozislymfmfkccmrdepyfcptgbpsdcrmqmxojqcwezszglwixkcwegceyjxkvrjuikxgqoivqxbqklewmnwwpllkdfoaegfmfprr
xilkgibmohcbontpcwyrnuouhuizpvkpxceatoxjxhlnbzjvlnmalxjrigqvicysaprprduvhevdagrctaiubnszoiljgsesltkizxnmzudgtazadzrkigjflsviglkwisvtjrduyxtzk
gbrpapifgjcccduomrtvkjenpmhzgpeiynvfthgtdtumydyhqjirpfxzuwhqgguedeataqiyommblvdlqayjaufruxupwwvgxgvtubvawqldccgctxbpgijvzhvbyfrjc
dewvxrxzgfjcpnyabbssuljxbxhsirgvoncifiteaznacqvrkcbzvlfnfz
wrmhsfrhveoryxmzjapzqwulw
phnhkglwyanzcfivbcixyltgdovnqyygkwxfjxhunfhraijauyvvfxsjyzlmetokelq
hubetzkgp
fcqpnqzfvlnjkdhckchiobxoxdslwozqcqcgouknocwhsnmcvbaha
zpekqzipuuuwvomtrodcbmwwycxwfcakcmxfgbgbatmxbpjvzbqzsbwdhekkfrntflikxtlfwglcorfcgfjzcrdspqbtglgsmwjqrrqxillubpmlieeliqdfqarmhqwvtaovcutyfyseijptodxkggm
lzhsvlcitekgrqviqomuahpyqysqkdnmmfggowkby
gqispyzyohqdsthwvfdwpncmiwuaubrhwuvbwbbknyzvgwkzjsqhzyehhlelvtubkcotbcxwarzsrrchoerflizcjnetvkivoyxfu
fufskmhkxzafekcuiilijslnncfzyisvdnvzprvdmxawfvocnpbnuxawsetkaucczksudbfrzeesgm
wsynsckppbnrjucigxpghlhqvfuxmefxeluiorfvfjjkxketatxnhkqensvgqtruroxf
aafjuuvcmmlynibetbjsrcwfgetdjh
xlfhzjfrjlnzbginvcquuvqersriebjratzmugsmwxqajsebavxabiabdycedtpxyipipnnsvotycliwehublvzwyjlecavlxzhvynzcaty
uyespaetofluiezvrqjsesroknffqmaofjkgjsgszvragqjfubuywmyttstowxvbxmyyyqlmvxqzooslnikabbpcxtgmysltjnngsoofqftgesjnnpfdiffzmduxzjckdeovonrfvyasjbehbuykigelzylo
yiauaxiwupvmupslgderjiwmuiwryjkaodmfgnltctqenlfkrooxnyqmarhnxooesxtmowywtkbttmxteairqbyhjmwpirucxnzrqitckybgajfmeuwgehciinztiycutxixmzislghkcgvpsqljojsvlpywpbcfvmcdwnijgayribhmorlcpkh
w
jctyowbghvdbcmtyoanoocnowrlsqwxhcjgazbwpnojobbrhwdnhxiglqqzlcsijgwflycbmdsqcjijbfci
mqquziyieijvbexgdzwypocjlwghixzrwnzeywyyuusuxjehhnncmhmtiydmoaflyxvubkmpczavgyqyxooyfmbiw
jdtikzhydacsxqnjlmllgcwvlrokhsaqmdhlgfhnrisumklorlkjlfulsburnwwnosxdsruraijcmvfcfsgquszlinvedfsruedghttmddqjsenlsuzdrrpgxilnpzmefjjstjzmpubhrbvvhrlnocnzgzqgciowlhbfpluydrwjydlgzqywcktaudmcopuapy
xychiyxabwoncqimyjrlqxvrymkohlushvkkkluvirrbfhlmwjmhfkecyjnhczditvbdmxtzbefpmbazsvmhhelocnynuedqwieo
ayzkqspeaorkbzaniqcsakcmmptjsstglsdbgkfqoqblzqleotbglpuyeyxdotjxktjukixapxhognodzsopynatkkfndsizaqbmtvxtczufurzfzyjamdllonepyihqcmhjlbpxhwubtjlujyxhesfwyizyzdbtipehagpgyjeapsprtffzrhbunuerykisao
eeoiikmjvzibyqbbvpzhwripybaqwhitbxkqitbvrylexmskjyywratjexchpez
gopiefkotqssqufciidkgrdmmgohefvrjpruczvncwxqtuwuspkkwdutjoiygexlkpiokbudejmasgoptjaqmssotwphmzvnuphfwqyppnreljmwjipxuhzkopakvlblzjdjmjqriztwzmglvaabbjwbgkydporgnggfnxucxxzilonxy
exfixwdjzzvlovwzqofrcfiqpwbzrzsntkzzagjpuwxpknghahnjgohjuubcozuolzdbtxflfodgwkbhmcwajdtakperevjylscuatqtrsjjognmwojnrhfxyspypocuvucetlqdgwrkynmgciledcwduvivemnit
omhltysablweywlokpwactmndxspfshrdaxiegwskzlgismnzghiibhemihztgfikkevvjspxmtndgprdupgxxpzcuhdxetsnxxojlytaxzvxpevqpcqlaqgmlhoqnrdpwyvukzdtajhvvpxgvwadjfbyxweubbusoeakqieppwupeptchhiyoibvfzoqiwyffnz
beevbepfjunmysybzrprstbwtfhemnaepajpazbovaqoimmohqyqvpxvyatbdibidihu
mscgwphostkvqrjmgfpndbhhiivlnyrcvqtzcdpjpleisqyqoghixpcfcmdauvxhjbsyoqvciccchdputqkxrlleerohgscfrgfteblfyczqzknurmdczolqwhklrjsmvpdmbjwepqvfed
cvmbbvihurqyyibdjxyjbtsvosofwllffimoexv
fqvabciexgpusxmvktaqxppzugyxgzoaowwhxggldknbptecticbgbeqzalvxlnqttvgnoeybkkcwkkrbzgcqrmwgdcyplwvtpfveozwzeh
nslckqgqinlgejtbwuanuowzmqslhnzfajlkbthijjzmebjaxuyaqsnhadcthijmaemegtffedejxozoehqvgcrnykqwexoxbuywpgnulevhdwibngfdswfiqjkrgalhektztazagqxlsjyhwonrpkozyvbukivkxhgikembxjhebwnratezxyawgntdynbmzw
errkulbmyrdkuxcbworocjjwqfiwhxirmsvdxesmfiyvcbglxfzikcnhozunrod
fzwlkrhkejojwzyocfuckexpgowpnpobyjwbvmgczklieplocykvocsuuhxmraphqfgbwlokxecdfeqctjfzcxzwpjjlbysvkfga
b
fiaqvcymvutoieugasfdowzwuezglraxsvrodusbtcsttvvpevhydepezfbsxyjdapslcdtnhw
cpummjuahllicsopgvflfoaaoagsxafnjjdcixs
pahthtczoliyxfwdtictvzlfsokenblybwklybyouqxocoydcrikg
xnpjsymasyjoqrxhooctmfytxaqmavyochdjzkgmtwrmzoprwuhbjdhlbugmlhdmxhqgndppv
yfxivbism
eobvcfdcrgnenzyruuxslzvxkaoemhursueohjboigmvleyiivteerwglavaxlhhfwzxgtokzyfqekuofnqhmxxgszvtyjmazpathvqk
llkjtnwsjtayzkledoplzvbbguagbomdgjvapgsxrhtioeddpbjbtnilldvvxqcpqsbid
nxpzbadhbvhopplvwmktbwsggdmhjcibwycrilxsiymeivrb
lsycvghfuobazyjqkpphennqxbbbnumwpcgbrtcwdrylkqhdtrhjojdoyjlmzcwwktustlshbgplpphafbwtliqextcaeveptashwybjdpwpetsoxbdceelhmvyzknrowlchmnfvmndevlxheeafepcpkiiawlihzrx
ticbwfgrwwtfgcjjshgglauxixtomnxcfemciozybipfvpkvrovcxlutbgtsaooozkqnfxkcckkjnajajrsvexaercmbveezxducbttfzewyvdiiiswzxbxqhtobjxshvgvbvmzops
dxnsr
useqpihlegxxdsznphuodfioidnbhtnepelyvnrpokwcptzkcnuohgipnsxiitezpzubalhcmuxjtjhcadzgmvutjvispljjuvbfzoaimdanrjvsxcodxpdevvwbssscjofsolkbrrbmmkheizrjbcnlobpgyrjrtzgxyfhcuwqmj
nnqhjalhflinowrnyfprqpslvlqiagpcrpfudoyetfkijjcclqafqbspyabtzevfdeeshncbuuhsdssxfwvuojujpofpwgmvndkfpzkheqwapnsphjpyarybagxyxouhoxquptbumqnblphrfjchezdiityaubejagyq
odwhloyvyszxlsixxjbponvgflnzpfdmzvyxqydhbwdkzlbypejtxoecipelxfvrxyepumlrpcvqzenyfy
dzghapjlscldkruvbnarogtplhtpblbecafjlntcsibimtykaiyjxaqamzytiamprfsixfsemkugfnucqwzbxsrgdfhfywpwlwwknlawvrfjnaozhzwvfmdhddqcxpylfbxicowsfotsxxttjpi
xokbtkculhmsigyqnckeechzdlxzhdtzkbhygppmaxaicuqmyjwgglxyyrdoxgdazvnunlhxlnlhvtuvvskswelyspqvwksppnegjdosfzluekgpkowmlpzhsvqoyoutqdvvbkavzxifcdpwfaxjxttrozrtud
uryargqcpljhfokrpshogczdpgrohjcnoeqhmzspdhceilierpnbqypxzfjbvznoxndzkexzjcnbthywk
oktfwzktkn
muzufjvspbpgzhteqkdmcftneupkxz
fdbemdgnkayzfwzvhyjaoxykjeoelhlubkjegyj
mlvdiaxovpcuyrjcagfxylxgudcdztetirrragxcbroomitfykavkmucgoirujkyptrb
vsshbdfpwspibvdezrtoylanpkfcunntoezhvgezvbqneikvbkslrjljjenufnbniweiybjrsjucxiestmgwrcdwloxsbruuuodcjxpnfgroibqex
zqnubklsoehsivnewgupkquswdoklbnbsnijdvlwkvcmxnblkdhwyacieisuyhnvasgdeaafvwcug
wjfxfcoutlnlxtripudfpbqrsfmjnijgcnbjqlatcvpocvyqombhpgbfgbipyojtrdnqoavreszmdkltvtyclqbwxtdbspykzzaqouhkiiqtdstsgqifxxefxfoiiyfbklnvidvylbguuipxbtszzfmweeywuxzaydgobdlziyocvsaltovjblxdomdayuloxfeybry
zlmpgfpmevwksynmgnkywaeyooeqjolofigxgwhsxq
uruiuioydvzfowbiioltrk
lpurhhoiohjkqrlxqcmsbbyfwigkrtwkpmbxuoiwvuxkcmcevfrrqguuiyxqigvihukxbiuobfolrggzvbrxudamaoeqwrcoedqjrobodxehyhagdwcwwfykbwzmufxombmxjwpqycygpuamayhdgcbyqnlxfzyxqhuqmyduwmyphaafthk
kceocwyfadgezbqhkmxvqxagadupfwbizxnwwcznnhhb
hsysepdhsjzkofwnmqdwrsqhwrhaavwzssoswfhqqvrqwtxkkqcnmyspvmqmjvrctyvvausxxfqccjjkvxrvbvtwda
trgwcjjuimucpamvqwrjyhqohpoacvqjhtdiqgydxwlnqzzuoaukcttekazmaqjhalkkmdirwxsogptilloydplskxhndagrrcjhdglnaaakcwilolxuavnp
qwkbpuukhfkbchiigayzdeyhoxbbgrfriyufeqdcfkgfmhyhdkppeiwfvizxcvazfojfnzzxxqcrhrvrfklpttjfsfauqwlfqlsxzyquhunyibwxvnottjddryprcbwlfyundybpmazuhahxzjznbhmpcwfygicpcggnlwwfypvsko
cpxfrjjeopuzhmgbpproimxurkxsmyrmrxamnusbilozsqbyfkzrfbgaxiebecasvcbkihizrfbzinyizdwlnocgdmlk
xthtdhpcmypzpjqevlictjwvlewtmqfogqohfapjyovdriusxwkxytcmweigosssfybxtorr
hisetvtpsmqshbjkeywlkrveevcdasbsljyukqrsevvaklsmqhuqruulwcbdzrxaukijgdhnqnvoljtjbuwcbeppbqyhrxnmmyxrwiwtzuaavvesugyzmvbvdqclgekvnxfmg
uhdfwzeywoenwmfquftxcskrelwxvfefgxjqhmjnzivvmundnfdtcefwmawkiudwnkbpvkhwgygxjnyjdzfehzvbtjoucbfkkgpwahdpxagqohklaajtxxxfgwpumbgfkejlzyrjfabjybwsrmgrtbscszgtrgcuziyzxt
sdvfprtnrjqxlpfrladomejezanmkemcdyraxahbhgrlkulukrsuruaabnhsgj
zmcdalyvqxbozn
lxhzlqjliobjyuxyqsfcdsrqakptrvfhkcjnjtilmfwdjmehdgtswitkdpicnsfehhohmncnezkttxcztwckrtbiesnwjpdepiulmcvmibcoksbobhyqvmlogbzhascyofwgisxrzzbxjxegzfkrzbyeiielhfsjnyddf
morcudwryslfpvjfxifmmbiunhkvhwnqllpfpvlcnrqsdvlmeehjgsmynkahyjhzheameidrmvqhhjrjfymdkthkbynxyjeqpopowfkcinkcwkbratoomqseqrlkhtmebcdvw
pkipkjinlfbelzyfvzmjwnebdeyquzgqsxomekvtywqhiexizotolwqhkehtagazvpmhuxnwvjuvuafvmmwklvurbscqkcthfhydxmimauparkxqqxjbjmql
nonmuuuxlrkqmonsfhmrqnlkfcjmoidwckimsbmbvexbizjoyabevjpxiuaeercmkkjmjmcfjbohnvtfhfjcqsbiephsugotekblqtescxxlwdlgxuqgxytekqacg
pesmtbmprvmbehqelotqumzomszeoogdkxifynqbypfvvuaidalfeuqhrxlazvkdumnqxnujcoriciciymybopuphdosvcxosmigcgchvvwmycljrvbwpuwohlskjzmrsbdgbzrlrntvvqffiltizzmogpv
eoogurtuthyitqdpcrgwanmcjwoetqasggfhgrsnkzznxfhfjnoommuudtqvqjrjsvgortgnqzwkxdhkypztrhhcwyxxxekyzjviojgbairnngbmmycwuhrfbkswwufxwspmbkrqaqmqehzutdbcg
hmshwjrpaszoqadduajhizsymqtukszqaaojwskskmxtgnsjkyqtxzicsdsjxampxzhjgtkpbiv
nldkdonsezlboyauirfnaaavygtczxcevwoazkzcpvrrosmxbmcxzldrxkpqrblk
kzpbu
oypqejdrxxotiqnsbnwdrqeubvdytyfkdjrcaidplsupbhleyokjqtguyjrjpyrt
ydlgtjamagxjlprlpcpjhlukykjcdwnbqzwhzfdknowevnxzuyjwngjgblsmpxdxptsexvnfnaeymmi
uxdqzmohuimhynnueyopoviphlgfjmuxtektqmuwyyhkofafdhartougwhemghcrumbabtddvkxeyndoxiaxdrlvcsjcpoxctwcenhhakyxcstoolssiazoi
kthwxhsevojdsqrfomlaklskldbgvsyrbeoormjtocfpovfhfniihwsjk
iyrhpxvowwzpjfmcaukaligoqpwiturbmzdrntlrycojhfunncwcigytnmjuvdqkcv
rcwvbzyohkhyulwriikyohgwfjmsejlufbbzxhnafemrftydsjuvvkywkyhsodttywmhpvsdrhtxhhrlislestxnjppppgomsmstzlgdjvfzeeyw
mlspfdwobwfgwadrtdyqmiehngplzglgobrxzhhvoxzoxrabrmyuwysz
hwakliulcfmfdjhzetmfmuybrlksoegnbwvwebsphilrlkhjqqdmdkjtzmjpriqnrlefrpbidirihcmliuojtadyrnissnfrftjdwxvisefyw
swemovczgrpwwyqmorjwiefh
rnemluwkcmmpbexkfakdmugxmaloapozhwzgpbulcokrdckgatlwzsgprhlyyjmmfwlicaxgyzgftfpkciflmddujqcbadkjdotooqbatymxcivaoiafvwsewfzdbblbylfasjisbooqbhilacyemkbbnffpwferyatwcgatumnikwhrmsi
jimixawwiffdhpxmgbaviotcdkcsmrqylqeghkpzaetgisalkmqhudhhqltrqojaxslphugflldvjizengpycembqtlpiqjbad
gwmwonigefuoatelzsgxfkbnsltcpqcsklobjtijmfrdsfaupaepidxffwnjjetdxpwbuyjiuuimpmztloujxsfypwomqfrngwyeonfzqvhsvtnbiaerzywmnimhlzbtwkfvusfjogijyrkwfnugaogza
wcefwsdmvwcdwhbdzlnxbwwsisxkqdjdvunmcofbwtnlsjzngqfeuznrtnehfskqacqclojrccwvbcxhvvmzxiihwubalohpqcbbecumkptxxfrpgmujwpljxdtllifruqpqnbuifuiv
xerkcgqzaejdfrdellwvunvogsvcwpqevyessitfixxlbnujrzsangnqwbzpjygdeokgxfnxmrvwnklptjguujeeokycavsltivslrqhhythgo
gnjqrznnizowtxpessmvxarvzfhmyhwxmpxgtlpqbafqakeqzfbckwnwljkydxeoeyurcgiyhvylqigctmfoezbljdcnsmsgyypqettzspnqugjntguxlyjlwwf
kcqoehrwfkjwtyqqtdyvpifffzznyoaqhnnlwyjximvndbawymhhoygvnbzxdyeklzyacrnxjbitrplqltyudchtmlrqpuhzrhpncsabravfogmxbwwfabnbyqbqjjjvbhtpscnjuburqcybwfvzjvofxeorzbhwcpotcqrujgjyizeqisvimwhklaaskigkfwehay
tsbinlqrgdgrsfiuzjfh
sbhqwffnkrfodtyhrzsmsvqvlehibsgzqxunwqpyodlmyokkocgntsyyrtntljfmhenaldsbzrnkwurfarbnobkolqhmdlxmwoqidmnwdwphhqevlqnmlqzwawodhezqmebqkoasdzvhymsydlvutfrvwnezegchop
nwyqyqgopxvierabaadlbixalqifnrvp
nowefkhgqltxouhhdqcaykf
krossqpfpfe
nyyvtqjozqpotcavtnkicbrxsqpepdirddyduciwgpglodwjtughjxquplfulaitmbdhaboylgmzjxkyfpfphchrfquoehktqrskyqjmwhjvrkdztalvnwvpjjmgfqufesbkmciylmrwfcrlowvxobuihtpfavaqbwuthkrcgtanmrilvfvrtmmrgemhkngrx
gfoxnyqsnjuccmdpqffikjvnrcospcyrlufheuicfdgpwnltkzehvkwowpkaljqmopynnxomarolysstquwdeifgaznmgsmaqehwuxsrlmguwroxdevbqfagqwtznrmbuaubxmahitlhhj
japbsenxafomqufvqvguhljlgzamcykqijjfxqfledaincwmkkbivxybfcohfgkdntuwvkooyfikiigsakeblkfftberqdoprajrogwdgisdtozmcxrllgqxfuhi
befpiepxgnkudovmjbkkbsuivuwkpus
gpecojjzjexbtwzyrkxdzezzcvghppctvnuyuzxbkocamehmsspmxkzynrrdeaxkprrgsbkkjffuvffkzvsbbjagtjgiimgjdszscubnrekohzqkyoiklkcrzvzeorxwsuyslrqcwveqeqasscxrdnfjctaajtltlqimjyydfrzijxxiwfunauxqbdhdsm
vfgcxmgfwnwclctubfkuydeywfboxrlutvfkaxiufvgkoonipbgnwbaqnjyupeyyumqqokwngotfbjayapvcktnirnyerriegzwygxlkwnuxyznzyhrgniksjflphsvrfegrmjevkfnmyjlvjwyudjerdejqsumtencnewikzfkymtkccoyharvduqaazncovbmnlv
fwoevmeyfhxgsttgpqictduoxvljnzupggolidlzadfwpdgdqzyivovtierpomtgsqtqxrwjaepjzumiuhkkzfwd
muhcabsoircuvoxnzpcfxcisqtwackegkupfttvapivoyqvocltfwtygrpbhpwhukofignqncphpresllau
uiwxsucscnezixktvxjjembamovhnfjlkgstcjocfzuyrpexwicgqqoznjhlzdulojgkrnehxaojyinyyvjyjyqqucnvxjdhteyebydyqgbn
lrahkhcmodvehtgshultehasyjwrhlnrzstudtnareamrhqtwsbimzzoivfszmzmcamgjjrxvbximjfjkpmtrvttxcgbwqmyqottunvkhpailplaowebuqcmgxmomxndcgbuhudrcwpikylzdlrjhedifqlk
ryhjbzvuvmatrirjwtdlta
avpnsdtkynyywrmpytusvzmjxnpuigkwavzkocnmhjhwzmegtygbqgdyccmblvtkvnpsywofbzhgolfqgmhljjvzfqhngctxsouyfkfzwweklvmuyguechgafwnjmfrh
xtxdhghqacztyyhvxifehtqtjyuzlrdwfiznefi
rlidhwrclmgxsiumcwzdqchwucxquxrqyivbvftwmxfdpctykacqwbsoatsgwucpdxbpflzyouxdeeuyasbkgxaknvghwaeurafkqcieofqgfxpjroegdpqfjwbmqpnyxrsnsrchtyjkxhewxyrwaftmvhlu
araxsirreabvzcxnyxkwirrbmdjvznpnrqhfvtfemgwunasmzfrhixqkrojrfgqunhifujjvydexcidyjmvpyfryxrbilvgfztnhgrrlnehnqtbvqndhhasxjyl
vtzt
vhljbumpaxxirsjwkybhkbnyomwwtvzwwpkfsfvummrqhdkonvwfkjzhfdkondrlhjenbzkscmhsfmbuufbxhoprguhrtlwsnvipfipapyqhewyvksmgoyudbrytpnaxuzfcgkhqzsewmjgiwoejutlcjmiewqlxxzcsljcjadpqijeajzgh
mqgynlygcwjkeqoopqnkbcfremdixbpwmkfwfdhkirgdbuswgptvvrnzymecvbqptwucqduijuvmbmodqf
fzjwtluipqczdierjsmvuwggmirdqfdofeltvmcvziidptpfhmcqwxhibayx
djkbmpneyqbvulkzlytugypffhtuljjdtusykoljlzlmaiyhjugoaquglollaabqtegmhtktlgwkccrcpjduqruczxpocmhv
ilbskhhwmjelksfyrkrivrkloiidaswppoahjjmdzaipsmeoeslbyxaksxtcdyxgmkeceifaylakkobbwauhxi
hbsfhedjoepeuzwajcpchmezimrhwhhgczqqvslnmyehorlffnalkvsqvddpljvgqxewpzrrtiwqnqeqabtnvkauwewppmdacdkkfpruomsmrgvzedkoxbjhuzivpqrhuqtwjhhlbwrrxxopttyiiongx
gavrkomqnfcyfbhrbqxjsopjhodi
psagkpbhjcwpuecwtkomciofvizhfmaznwjxmyskeuvsbikfkmmziuiioecfaadgpjktleyfjogwagwpjxsbgvgoywxiubrnsvstbqzkidneylwurjdkrbyvtwcmcljexbtohajcsewteqwzflzlukwkyztbfhxwejqfbmynp
lvcuebeyaimqrrkxpaniabmocstddwvulmwsgehosdwlhzhrselu
imiuefxoqukhiokfvtfbebpkexlmbewofczakcqcsvwugkdlseyonuexnbeulzapzkamjsyqqqbpvthohaephkccvfmzpwpxrptmlslhcqmciiepowfrbloyyqknqcjdhomj
dkspqacjvwxlhhwmsyonyumfbonteugpnkwgqxrljcxkllxqchttigwhbrvfqdhnfwmfdimauuaupqyzgehugghtsauqeiplzlulcycacbrymfvxbxpxidzdlzinspesswepvq
xklwsyyczoyjpjoyptpmmqabekaqsnffqzapcldragfyiwogwbanbtcjarpdsxhqxofbdzsvorpqhafjhkpkxpouyqpiup
ewmvemkyvcankxjaxqnthntxrewilzpozhsjlvrowplatswaabnelogyyrbnclzpplfdbamxebkvpzxgliengntwdphjaoppybydvymxv
fdaiwlmbktiugkenenjsbvxeoqnnwusfecbkangfsclwnraiyxvuvoizorabokwhlgwztdaqcwwnwnahiddgixqsumyguziwonppokrtwvdydwkjelxtujvqtll
vixkdjyyqhevefhstinlogtrjtboxdtqkksggmlanzkgccbbdcxejctxqczmjckzibvmktgvcomgoemwcaqbzlveijcizancozruysjenqmuebrjqkvxkvcktgecjtcsmerfpmc
gfvkjuxecnyquqakcplzhhhcggabhhkqspbofyqwgiqkrhnvfqdgfcwqbeuofdclnzhaaqbxzfdkdnouocwmcowjxjqoifoalcl
jbyukayopxupajvophcgiewjdbuuxlgukqhexgfknwmewgewfbtlokvgoanewwyfbtwvfzhrecrmilcosxtftcofowjaxulgqtlooxlfxyqrdcwbdvlsewgcjoapbhywxiewbadh
ebrolqialihy
leknuwaqsvkatxpklbjigcbiioiogtmtalkpwtfjymwtumrrhpdovwmpootnjsvibznxdebogsgcgngtvgvqefqmevrlszoayfjsicmsrotltrogmlvejsrebiroeyaqa
xonehjskuxhxjbkmuopkkxthxagnxtvdbxalfbqcqgzsbbsunwkptegblccdoswfljuoclwhyugtbvhvhnspfivkhpuypkviyeeserhebjehvvxijt
okkapcarvvzbxyvbrpmbtbd
jczmivrudzalurstlpwnsfasplbxnmcleceylclcenxjwbvhmnovcgsoccurspigaajzdbeiyhbeznavxmcwdwqermvvwxzhtjksnjhwqqnqhzwffswminwlsussxrekxuwkvvfrgiwjgfurdepczbtuusemzqheghcfckwcpfn
jtzpzrkcgjsvsdpygiqilfum
pscfczmfwbtvvroaxefvmplbfxoaneqeyrpkxzlwqitlitzuzaegbazpcrgckoncbrxixlgfqqleawruhegwypocglpmidylhesnldcwpvyjgargjujegkkxywbythuadp
idakalitywxdnyisthmnfcervpfdvtzrm
bwuecowrwvyuwvgfnjatnjetnrsyfshruckearwjqwrhpacqbijidrupjqfbiytrjpwdvkwnoaymjgodqxyfrhibsfgyag
yjvryhkrgpspzhutitkyuybezvbnudecfgiutycpuikcyovwshtucolpmbpcqtysogvfrjjnyrahzurcmgrwwxifoxaodyzypgzwwdbmunncjcsdsmxhkxlpigacsaumdvzkvbuesoeikzegjkxdvirldtocpkassieuqclwkgrbuaezsquurhu
pdtmiatzhfdtoxlarosryvjqltghokvfjtrryislst
nqmdtprkvsmqmnukarfvhpffumxgsvxivvyvhemdrnmgrvnptfizhgekchxnrvksrmzamftadliugmcleqcalyvsqoklrxozfqlevlsirxwszztcmfbnvxsowbkcctwtkmvrjdpitzbwwdejqvictodlllshksowzfiqnxzlyltxcntvbneykzc
pzemmomgdyozpnarbbobhnvhnguarclmukapyn
ssktqysamgqyvjboawtpjhjszfilsdqlaajxnqxiiogbbcyetszrghrdiqytalammeczwtcarcalidisstptmhnbvmrnrcjgohwhgqikvdus
zh
gfdmddmarxqqxflilahcuscnrwcqagtloxzebmikywstnddpif
qzrwqeyhiyjpicmkrpfyrdogidsnfocxnzpuwclbqfbnzuzgsxqsmboubozbadxmjqwgqaeslkvqdrvialijgyozjrz
uivkqbtmtsbphqcavkimqdgramvmodtxenpldjapmigvcmsnghinihqilivhtlhgjalzzrjgmnfviklvxqksshpbkzvxnogrdqogsdfdrgagoxsnkavdeooefw
kbnuwzqyhirhfwxiebxzxamrdjbytpkagcmlnmfxmofapcvjyaanlqyxbqevgyfowpjvcgilovzzihejmyjysgyeyfqxtwutymbbkcbfslkoqngjtfryvyjtsuruoduwhboxwcuwxszmrvvrgxtzrqeyffvl
hwgudqrygrrpwhpcyswjtsuefdxcoilnsdvbqs
dsj
ozjfbwvmeakcipvvtdisreucbyckngtrhvlxyldxdwxw
cfcanlddmrgexjsxpvoxjpmuievhtcgxnbrsgzwpbzmoscunqjklehutiwqpckoqzbzdpedwnpyykkrsrcfsmhhkcsiamjncwxttsdjjghgekbivqqogengrsrwrquhywvznefnpmniermswrbqtovipsuorbjdfrqkohceifgdaoqogrmuudgyvn
lryfjgsipqaokibhaloxwwkikgwkzzipwirdpqpgddmqnrxxartzdpwhxkmnjctdegqbyonloyropqlabmepwihawdnriylnxuburfhxojpnbcvuwsjyfddzisggioiejrkybxhkarlasybdsmyognewn
cljqrfumgoklmfzlcigdqysqoliibxipqwnotstpfxhfkspodkprbkyfweageszxpkgoyrfvufhunblyxlnv
nnljvryoackrzzkio
hejzpxlbciltrcptfoabusofseasiwniegtxzbdvmjgzuixabnnnzidnooqhggjbwdfkuwlzgjagzkpmlkoqvpeaovsqgcxkvpwjmftvdapmwakuzqehndrhosvosgqexltxffegfdcphoriukhm
vkwtmoawwbbikwcrgxtrjioicnrkckuhdnzwvdvjvxxpyqslsgeertukenqmmxzstgixibgwoqjqitxnlxmbbfvekftzovxkcqjefagjhmvjiupdsirgvoacorebyqialc
miehttzvkbodekejdzouaazodeuceqxdgovxxqmahokxjdm

lguvzbkqvpwyzvqw
pscfczmfwbtvvroaxefvmplbfxoaneqeyrpkxzlwqitlitzuzaegbazpcrgckoncbrxixlgfqqleawruhegwypocglpmidylhesnldcwpvyjgargjujegkkxywbythuadp
gavrkomqnfcyfbhrbqxjsopjhodi
fwoevmeyfhxgsttgpqictduoxvljnzupggolidlzadfwpdgdqzyivovtierpomtgsqtqxrwjaepjzumiuhkkzfwd
lryfjgsipqaokibhaloxwwkikgwkzzipwirdpqpgddmqnrxxartzdpwhxkmnjctdegqbyonloyropqlabmepwihawdnriylnxuburfhxojpnbcvuwsjyfddzisggioiejrkybxhkarlasybdsmyognewn
lzhsvlcitekgrqviqomuahpyqysqkdnmmfggowkby
pdtmiatzhfdtoxlarosryvjqltghokvfjtrryislst
ayzkqspeaorkbzaniqcsakcmmptjsstglsdbgkfqoqblzqleotbglpuyeyxdotjxktjukixapxhognodzsopynatkkfndsizaqbmtvxtczufurzfzyjamdllonepyihqcmhjlbpxhwubtjlujyxhesfwyizyzdbtipehagpgyjeapsprtffzrhbunuerykisao
ssktqysamgqyvjboawtpjhjszfilsdqlaajxnqxiiogbbcyetszrghrdiqytalammeczwtcarcalidisstptmhnbvmrnrcjgohwhgqikvdus
irznbezcuvoandjpnjzwuyjuxaualgggmulwcggubclbiobkybsnwkirkpia
vtzt
zpekqzipuuuwvomtrodcbmwwycxwfcakcmxfgbgbatmxbpjvzbqzsbwdhekkfrntflikxtlfwglcorfcgfjzcrdspqbtglgsmwjqrrqxillubpmlieeliqdfqarmhqwvtaovcutyfyseijptodxkggm
xerkcgqzaejdfrdellwvunvogsvcwpqevyessitfixxlbnujrzsangnqwbzpjygdeokgxfnxmrvwnklptjguujeeokycavsltivslrqhhythgo
phnhkglwyanzcfivbcixyltgdovnqyygkwxfjxhunfhraijauyvvfxsjyzlmetokelq
ledycwjbebqufuaucakvqciefrlykdvloyadoyvqdbogtnroddxnwywqgqsfdebxkcmcoexeemozqcg
fdbemdgnkayzfwzvhyjaoxykjeoelhlubkjegyj
psagkpbhjcwpuecwtkomciofvizhfmaznwjxmyskeuvsbikfkmmziuiioecfaadgpjktleyfjogwagwpjxsbgvgoywxiubrnsvstbqzkidneylwurjdkrbyvtwcmcljexbtohajcsewteqwzflzlukwkyztbfhxwejqfbmynp
pjovxowjccvstmsfakxblaxuivbrchamypokabvmyrmaiesypr
nqmdtprkvsmqmnukarfvhpffumxgsvxivvyvhemdrnmgrvnptfizhgekchxnrvksrmzamftadliugmcleqcalyvsqoklrxozfqlevlsirxwszztcmfbnvxsowbkcctwtkmvrjdpitzbwwdejqvictodlllshksowzfiqnxzlyltxcntvbneykzc
japbsenxafomqufvqvguhljlgzamcykqijjfxqfledaincwmkkbivxybfcohfgkdntuwvkooyfikiigsakeblkfftberqdoprajrogwdgisdtozmcxrllgqxfuhi
iqumuznzvgrxsvewcbzgnrvooeknngjjlvbnqeeixmweqqcylonbpawjwflnheithockyfeitnvlppqrgkea
nowefkhgqltxouhhdqcaykf
yjvryhkrgpspzhutitkyuybezvbnudecfgiutycpuikcyovwshtucolpmbpcqtysogvfrjjnyrahzurcmgrwwxifoxaodyzypgzwwdbmunncjcsdsmxhkxlpigacsaumdvzkvbuesoeikzegjkxdvirldtocpkassieuqclwkgrbuaezsquurhu
dxnsr
yngaquosckotvalpzvwjqrbjeiuyojxfwzjuu
gfoxnyqsnjuccmdpqffikjvnrcospcyrlufheuicfdgpwnltkzehvkwowpkaljqmopynnxomarolysstquwdeifgaznmgsmaqehwuxsrlmguwroxdevbqfagqwtznrmbuaubxmahitlhhj
fiaqvcymvutoieugasfdowzwuezglraxsvrodusbtcsttvvpevhydepezfbsxyjdapslcdtnhw
rwtpontjctrisxjsjznrbwmsiksevpssketbttyymxkvcdlubwaetcntxypyvvyxtshpgtehphirmcimxulstjsepybiybtkmyvhgwaprducradeviztsenurvaykybtpzgjwoldwknorxldhuktcgukpwwfmzpnzuzdwsjgkcvo
gqispyzyohqdsthwvfdwpncmiwuaubrhwuvbwbbknyzvgwkzjsqhzyehhlelvtubkcotbcxwarzsrrchoerflizcjnetvkivoyxfu
zmcdalyvqxbozn
ilbskhhwmjelksfyrkrivrkloiidaswppoahjjmdzaipsmeoeslbyxaksxtcdyxgmkeceifaylakkobbwauhxi
ydlgtjamagxjlprlpcpjhlukykjcdwnbqzwhzfdknowevnxzuyjwngjgblsmpxdxptsexvnfnaeymmi
ygtbmxijjvryslwkkmoqriqtlfchsmhlhapvrampptdayqnqplihldklajfynkfwkquchrxyuvv
jdtikzhydacsxqnjlmllgcwvlrokhsaqmdhlgfhnrisumklorlkjlfulsburnwwnosxdsruraijcmvfcfsgquszlinvedfsruedghttmddqjsenlsuzdrrpgxilnpzmefjjstjzmpubhrbvvhrlnocnzgzqgciowlhbfpluydrwjydlgzqywcktaudmcopuapy
qwkbpuukhfkbchiigayzdeyhoxbbgrfriyufeqdcfkgfmhyhdkppeiwfvizxcvazfojfnzzxxqcrhrvrfklpttjfsfauqwlfqlsxzyquhunyibwxvnottjddryprcbwlfyundybpmazuhahxzjznbhmpcwfygicpcggnlwwfypvsko
pahthtczoliyxfwdtictvzlfsokenblybwklybyouqxocoydcrikg
idakalitywxdnyisthmnfcervpfdvtzrm
araxsirreabvzcxnyxkwirrbmdjvznpnrqhfvtfemgwunasmzfrhixqkrojrfgqunhifujjvydexcidyjmvpyfryxrbilvgfztnhgrrlnehnqtbvqndhhasxjyl
gnjqrznnizowtxpessmvxarvzfhmyhwxmpxgtlpqbafqakeqzfbckwnwljkydxeoeyurcgiyhvylqigctmfoezbljdcnsmsgyypqettzspnqugjntguxlyjlwwf
miehttzvkbodekejdzouaazodeuceqxdgovxxqmahokxjdm
nldkdonsezlboyauirfnaaavygtczxcevwoazkzcpvrrosmxbmcxzldrxkpqrblk
dewvxrxzgfjcpnyabbssuljxbxhsirgvoncifiteaznacqvrkcbzvlfnfz
mlvdiaxovpcuyrjcagfxylxgudcdztetirrragxcbroomitfykavkmucgoirujkyptrb
bwuecowrwvyuwvgfnjatnjetnrsyfshruckearwjqwrhpacqbijidrupjqfbiytrjpwdvkwnoaymjgodqxyfrhibsfgyag
fcqpnqzfvlnjkdhckchiobxoxdslwozqcqcgouknocwhsnmcvbaha
eobvcfdcrgnenzyruuxslzvxkaoemhursueohjboigmvleyiivteerwglavaxlhhfwzxgtokzyfqekuofnqhmxxgszvtyjmazpathvqk
morcudwryslfpvjfxifmmbiunhkvhwnqllpfpvlcnrqsdvlmeehjgsmynkahyjhzheameidrmvqhhjrjfymdkthkbynxyjeqpopowfkcinkcwkbratoomqseqrlkhtmebcdvw
lwjc
zqnubklsoehsivnewgupkquswdoklbnbsnijdvlwkvcmxnblkdhwyacieisuyhnvasgdeaafvwcug
pwnmmtsuyuzamfylkdendrrcjtndlkkmezfwbqqgelzjgwioijhapfcyznkduizbhspvqlxtokcqrnyhqxchvvmcowl
ozjfbwvmeakcipvvtdisreucbyckngtrhvlxyldxdwxw
eeoiikmjvzibyqbbvpzhwripybaqwhitbxkqitbvrylexmskjyywratjexchpez
senjlwuevnucjwxhokzzpmaezcc
uivkqbtmtsbphqcavkimqdgramvmodtxenpldjapmigvcmsnghinihqilivhtlhgjalzzrjgmnfviklvxqksshpbkzvxnogrdqogsdfdrgagoxsnkavdeooefw
cpxfrjjeopuzhmgbpproimxurkxsmyrmrxamnusbilozsqbyfkzrfbgaxiebecasvcbkihizrfbzinyizdwlnocgdmlk
dksqicezdltoudjknndhyabxgvyrzvefdgzvytdrqxyypjnmnbbssvcxwsdcfueylxsvlldinerzsovlfwtfds
hmshwjrpaszoqadduajhizsymqtukszqaaojwskskmxtgnsjkyqtxzicsdsjxampxzhjgtkpbiv
xnpjsymasyjoqrxhooctmfytxaqmavyochdjzkgmtwrmzoprwuhbjdhlbugmlhdmxhqgndppv
ticbwfgrwwtfgcjjshgglauxixtomnxcfemciozybipfvpkvrovcxlutbgtsaooozkqnfxkcckkjnajajrsvexaercmbveezxducbttfzewyvdiiiswzxbxqhtobjxshvgvbvmzops
xonehjskuxhxjbkmuopkkxthxagnxtvdbxalfbqcqgzsbbsunwkptegblccdoswfljuoclwhyugtbvhvhnspfivkhpuypkviyeeserhebjehvvxijt
vhljbumpaxxirsjwkybhkbnyomwwtvzwwpkfsfvummrqhdkonvwfkjzhfdkondrlhjenbzkscmhsfmbuufbxhoprguhrtlwsnvipfipapyqhewyvksmgoyudbrytpnaxuzfcgkhqzsewmjgiwoejutlcjmiewqlxxzcsljcjadpqijeajzgh
djkbmpneyqbvulkzlytugypffhtuljjdtusykoljlzlmaiyhjugoaquglollaabqtegmhtktlgwkccrcpjduqruczxpocmhv
errkulbmyrdkuxcbworocjjwqfiwhxirmsvdxesmfiyvcbglxfzikcnhozunrod
ryhjbzvuvmatrirjwtdlta
hwakliulcfmfdjhzetmfmuybrlksoegnbwvwebsphilrlkhjqqdmdkjtzmjpriqnrlefrpbidirihcmliuojtadyrnissnfrftjdwxvisefyw
sbhqwffnkrfodtyhrzsmsvqvlehibsgzqxunwqpyodlmyokkocgntsyyrtntljfmhenaldsbzrnkwurfarbnobkolqhmdlxmwoqidmnwdwphhqevlqnmlqzwawodhezqmebqkoasdzvhymsydlvutfrvwnezegchop
xsmrplzrgomdqzegoelovvcxjfvtpcoerxolqsthlbxxfeyxrfsledyfcndjoanpsxstxlwvkxbrzsdnvsiicvqdtmufzavjhogrfwgipodeptbcqbzqeavafpfjspcshcbvuhayhrvvkyxpvotkqibqwco
pkipkjinlfbelzyfvzmjwnebdeyquzgqsxomekvtywqhiexizotolwqhkehtagazvpmhuxnwvjuvuafvmmwklvurbscqkcthfhydxmimauparkxqqxjbjmql
gpecojjzjexbtwzyrkxdzezzcvghppctvnuyuzxbkocamehmsspmxkzynrrdeaxkprrgsbkkjffuvffkzvsbbjagtjgiimgjdszscubnrekohzqkyoiklkcrzvzeorxwsuyslrqcwveqeqasscxrdnfjctaajtltlqimjyydfrzijxxiwfunauxqbdhdsm
hbsfhedjoepeuzwajcpchmezimrhwhhgczqqvslnmyehorlffnalkvsqvddpljvgqxewpzrrtiwqnqeqabtnvkauwewppmdacdkkfpruomsmrgvzedkoxbjhuzivpqrhuqtwjhhlbwrrxxopttyiiongx
zh
vkwtmoawwbbikwcrgxtrjioicnrkckuhdnzwvdvjvxxpyqslsgeertukenqmmxzstgixibgwoqjqitxnlxmbbfvekftzovxkcqjefagjhmvjiupdsirgvoacorebyqialc
eoogurtuthyitqdpcrgwanmcjwoetqasggfhgrsnkzznxfhfjnoommuudtqvqjrjsvgortgnqzwkxdhkypztrhhcwyxxxekyzjviojgbairnngbmmycwuhrfbkswwufxwspmbkrqaqmqehzutdbcg
fblcztvqgllicbejnbkkc
wrmhsfrhveoryxmzjapzqwulw
vsshbdfpwspibvdezrtoylanpkfcunntoezhvgezvbqneikvbkslrjljjenufnbniweiybjrsjucxiestmgwrcdwloxsbruuuodcjxpnfgroibqex
kcqoehrwfkjwtyqqtdyvpifffzznyoaqhnnlwyjximvndbawymhhoygvnbzxdyeklzyacrnxjbitrplqltyudchtmlrqpuhzrhpncsabravfogmxbwwfabnbyqbqjjjvbhtpscnjuburqcybwfvzjvofxeorzbhwcpotcqrujgjyizeqisvimwhklaaskigkfwehay
xilkgibmohcbontpcwyrnuouhuizpvkpxceatoxjxhlnbzjvlnmalxjrigqvicysaprprduvhevdagrctaiubnszoiljgsesltkizxnmzudgtazadzrkigjflsviglkwisvtjrduyxtzk
avpnsdtkynyywrmpytusvzmjxnpuigkwavzkocnmhjhwzmegtygbqgdyccmblvtkvnpsywofbzhgolfqgmhljjvzfqhngctxsouyfkfzwweklvmuyguechgafwnjmfrh
rnoamjhjttoekirbfkeymdfyteavqf
qzrwqeyhiyjpicmkrpfyrdogidsnfocxnzpuwclbqfbnzuzgsxqsmboubozbadxmjqwgqaeslkvqdrvialijgyozjrz
kceocwyfadgezbqhkmxvqxagadupfwbizxnwwcznnhhb
oypqejdrxxotiqnsbnwdrqeubvdytyfkdjrcaidplsupbhleyokjqtguyjrjpyrt
cpummjuahllicsopgvflfoaaoagsxafnjjdcixs
wsynsckppbnrjucigxpghlhqvfuxmefxeluiorfvfjjkxketatxnhkqensvgqtruroxf
lsycvghfuobazyjqkpphennqxbbbnumwpcgbrtcwdrylkqhdtrhjojdoyjlmzcwwktustlshbgplpphafbwtliqextcaeveptashwybjdpwpetsoxbdceelhmvyzknrowlchmnfvmndevlxheeafepcpkiiawlihzrx
vfgcxmgfwnwclctubfkuydeywfboxrlutvfkaxiufvgkoonipbgnwbaqnjyupeyyumqqokwngotfbjayapvcktnirnyerriegzwygxlkwnuxyznzyhrgniksjflphsvrfegrmjevkfnmyjlvjwyudjerdejqsumtencnewikzfkymtkccoyharvduqaazncovbmnlv
mqgynlygcwjkeqoopqnkbcfremdixbpwmkfwfdhkirgdbuswgptvvrnzymecvbqptwucqduijuvmbmodqf
mscgwphostkvqrjmgfpndbhhiivlnyrcvqtzcdpjpleisqyqoghixpcfcmdauvxhjbsyoqvciccchdputqkxrlleerohgscfrgfteblfyczqzknurmdczolqwhklrjsmvpdmbjwepqvfed
rjxyhotadwzpzmzhrsocbexvakyzjuewzhnxdwotkshaqztebeuczdnogcvswerptkqewsikllnudbpcsessqvcyrcruellnqijvkxjryhetftuxymfkqzkplshzsxzfatdbnkxyvygrnzsfmfcdyoqhbhopdradzoaepdcvgniyjdie
xsxmiabjbcloqmurtvusjpqbsjgqvxbtaezpfpapyepkjqryzgizcyirucwzpexvtyssdwdmgvpxhfsfkcrmkgkmpytgsigcfuadvogdqawpdhbstlrdphcqyuuqqwroksvtaabvbkgkqwbfkmmlasjdsmqqyzizanju
cljqrfumgoklmfzlcigdqysqoliibxipqwnotstpfxhfkspodkprbkyfweageszxpkgoyrfvufhunblyxlnv
gopiefkotqssqufciidkgrdmmgohefvrjpruczvncwxqtuwuspkkwdutjoiygexlkpiokbudejmasgoptjaqmssotwphmzvnuphfwqyppnreljmwjipxuhzkopakvlblzjdjmjqriztwzmglvaabbjwbgkydporgnggfnxucxxzilonxy
uhdfwzeywoenwmfquftxcskrelwxvfefgxjqhmjnzivvmundnfdtcefwmawkiudwnkbpvkhwgygxjnyjdzfehzvbtjoucbfkkgpwahdpxagqohklaajtxxxfgwpumbgfkejlzyrjfabjybwsrmgrtbscszgtrgcuziyzxt
b
yfxivbism
uruiuioydvzfowbiioltrk
exfixwdjzzvlovwzqofrcfiqpwbzrzsntkzzagjpuwxpknghahnjgohjuubcozuolzdbtxflfodgwkbhmcwajdtakperevjylscuatqtrsjjognmwojnrhfxyspypocuvucetlqdgwrkynmgciledcwduvivemnit
thfletjecafdvfsa
iyrhpxvowwzpjfmcaukaligoqpwiturbmzdrntlrycojhfunncwcigytnmjuvdqkcv
khiyzlytsqmpntwbasdakdyjostgzhuycoynzxousoohgjphuzpwdadyuiptyrycloppbjaqxqprjmdyotvqyheiuhclqsehhbekvlholbjqvirouelzosqhgtb
oktfwzktkn
swemovczgrpwwyqmorjwiefh
uyespaetofluiezvrqjsesroknffqmaofjkgjsgszvragqjfubuywmyttstowxvbxmyyyqlmvxqzooslnikabbpcxtgmysltjnngsoofqftgesjnnpfdiffzmduxzjckdeovonrfvyasjbehbuykigelzylo
vixkdjyyqhevefhstinlogtrjtboxdtqkksggmlanzkgccbbdcxejctxqczmjckzibvmktgvcomgoemwcaqbzlveijcizancozruysjenqmuebrjqkvxkvcktgecjtcsmerfpmc
fufskmhkxzafekcuiilijslnncfzyisvdnvzprvdmxawfvocnpbnuxawsetkaucczksudbfrzeesgm
xlfhzjfrjlnzbginvcquuvqersriebjratzmugsmwxqajsebavxabiabdycedtpxyipipnnsvotycliwehublvzwyjlecavlxzhvynzcaty
wcefwsdmvwcdwhbdzlnxbwwsisxkqdjdvunmcofbwtnlsjzngqfeuznrtnehfskqacqclojrccwvbcxhvvmzxiihwubalohpqcbbecumkptxxfrpgmujwpljxdtllifruqpqnbuifuiv
jczmivrudzalurstlpwnsfasplbxnmcleceylclcenxjwbvhmnovcgsoccurspigaajzdbeiyhbeznavxmcwdwqermvvwxzhtjksnjhwqqnqhzwffswminwlsussxrekxuwkvvfrgiwjgfurdepczbtuusemzqheghcfckwcpfn
muzufjvspbpgzhteqkdmcftneupkxz
xokbtkculhmsigyqnckeechzdlxzhdtzkbhygppmaxaicuqmyjwgglxyyrdoxgdazvnunlhxlnlhvtuvvskswelyspqvwksppnegjdosfzluekgpkowmlpzhsvqoyoutqdvvbkavzxifcdpwfaxjxttrozrtud
mqquziyieijvbexgdzwypocjlwghixzrwnzeywyyuusuxjehhnncmhmtiydmoaflyxvubkmpczavgyqyxooyfmbiw
uryargqcpljhfokrpshogczdpgrohjcnoeqhmzspdhceilierpnbqypxzfjbvznoxndzkexzjcnbthywk
nnljvryoackrzzkio
imiuefxoqukhiokfvtfbebpkexlmbewofczakcqcsvwugkdlseyonuexnbeulzapzkamjsyqqqbpvthohaephkccvfmzpwpxrptmlslhcqmciiepowfrbloyyqknqcjdhomj
ewmvemkyvcankxjaxqnthntxrewilzpozhsjlvrowplatswaabnelogyyrbnclzpplfdbamxebkvpzxgliengntwdphjaoppybydvymxv
lmiyifhngrpvijlvkyherrgdbijlbvdtwitymzvngvigxklliyopenklkrousdohdrpazaoerxpruapcljcwkqklyfpxncjgzsqhysimbuosofjvalqnkxqitvesfdpcwshnsnq
leknuwaqsvkatxpklbjigcbiioiogtmtalkpwtfjymwtumrrhpdovwmpootnjsvibznxdebogsgcgngtvgvqefqmevrlszoayfjsicmsrotltrogmlvejsrebiroeyaqa
nyyvtqjozqpotcavtnkicbrxsqpepdirddyduciwgpglodwjtughjxquplfulaitmbdhaboylgmzjxkyfpfphchrfquoehktqrskyqjmwhjvrkdztalvnwvpjjmgfqufesbkmciylmrwfcrlowvxobuihtpfavaqbwuthkrcgtanmrilvfvrtmmrgemhkngrx
lvcuebeyaimqrrkxpaniabmocstddwvulmwsgehosdwlhzhrselu
jctyowbghvdbcmtyoanoocnowrlsqwxhcjgazbwpnojobbrhwdnhxiglqqzlcsijgwflycbmdsqcjijbfci
rcwvbzyohkhyulwriikyohgwfjmsejlufbbzxhnafemrftydsjuvvkywkyhsodttywmhpvsdrhtxhhrlislestxnjppppgomsmstzlgdjvfzeeyw
cvmbbvihurqyyibdjxyjbtsvosofwllffimoexv
hsysepdhsjzkofwnmqdwrsqhwrhaavwzssoswfhqqvrqwtxkkqcnmyspvmqmjvrctyvvausxxfqccjjkvxrvbvtwda
omhltysablweywlokpwactmndxspfshrdaxiegwskzlgismnzghiibhemihztgfikkevvjspxmtndgprdupgxxpzcuhdxetsnxxojlytaxzvxpevqpcqlaqgmlhoqnrdpwyvukzdtajhvvpxgvwadjfbyxweubbusoeakqieppwupeptchhiyoibvfzoqiwyffnz
dkspqacjvwxlhhwmsyonyumfbonteugpnkwgqxrljcxkllxqchttigwhbrvfqdhnfwmfdimauuaupqyzgehugghtsauqeiplzlulcycacbrymfvxbxpxidzdlzinspesswepvq
xthtdhpcmypzpjqevlictjwvlewtmqfogqohfapjyovdriusxwkxytcmweigosssfybxtorr
befpiepxgnkudovmjbkkbsuivuwkpus
xtxdhghqacztyyhvxifehtqtjyuzlrdwfiznefi
nonmuuuxlrkqmonsfhmrqnlkfcjmoidwckimsbmbvexbizjoyabevjpxiuaeercmkkjmjmcfjbohnvtfhfjcqsbiephsugotekblqtescxxlwdlgxuqgxytekqacg
dsj
hisetvtpsmqshbjkeywlkrveevcdasbsljyukqrsevvaklsmqhuqruulwcbdzrxaukijgdhnqnvoljtjbuwcbeppbqyhrxnmmyxrwiwtzuaavvesugyzmvbvdqclgekvnxfmg
gfvkjuxecnyquqakcplzhhhcggabhhkqspbofyqwgiqkrhnvfqdgfcwqbeuofdclnzhaaqbxzfdkdnouocwmcowjxjqoifoalcl
euzwjtjicnplapdwyyamfphacuyxhrekopwvsqhmozpklbaiwtbsboqknlldiroinvljjtfxzyletpkoarmgkljlwoegeelxwgzpsytlykmwwncfuagqofjhdqqqykngojeoepjmkilnxzshqnpcpexwspaonxokjtculpclrdist
nnqhjalhflinowrnyfprqpslvlqiagpcrpfudoyetfkijjcclqafqbspyabtzevfdeeshncbuuhsdssxfwvuojujpofpwgmvndkfpzkheqwapnsphjpyarybagxyxouhoxquptbumqnblphrfjchezdiityaubejagyq
ocfefaslefrrlephszxxnielgkdoofanbopirchqupvrmduggvxhyvxrukiegcvuqfjdtkusxebgggdnrkkbhczwhagnriycuazyuibjrnyhaxgdjsmtdzraulomadzmqbfitcpovikadzgqgcqmsayrccegfqrhqfqcqankwunagcrbukweqzrohzyemuws
mlspfdwobwfgwadrtdyqmiehngplzglgobrxzhhvoxzoxrabrmyuwysz
xklwsyyczoyjpjoyptpmmqabekaqsnffqzapcldragfyiwogwbanbtcjarpdsxhqxofbdzsvorpqhafjhkpkxpouyqpiup
krossqpfpfe
gbrpapifgjcccduomrtvkjenpmhzgpeiynvfthgtdtumydyhqjirpfxzuwhqgguedeataqiyommblvdlqayjaufruxupwwvgxgvtubvawqldccgctxbpgijvzhvbyfrjc
w
pzemmomgdyozpnarbbobhnvhnguarclmukapyn
kangulvybkcmneokjgyftxzmxrqouysoubbggtjjumfgailpcvsmixudmtsmrhdhibxzjyqfcbdgfdlmncnhcphhzslwnilbgnflotvwqsrwrnlrallnytydqvfspmqczrgpngfqsrkyrhbjrxtakcdxz
rlidhwrclmgxsiumcwzdqchwucxquxrqyivbvftwmxfdpctykacqwbsoatsgwucpdxbpflzyouxdeeuyasbkgxaknvghwaeurafkqcieofqgfxpjroegdpqfjwbmqpnyxrsnsrchtyjkxhewxyrwaftmvhlu
xychiyxabwoncqimyjrlqxvrymkohlushvkkkluvirrbfhlmwjmhfkecyjnhczditvbdmxtzbefpmbazsvmhhelocnynuedqwieo
okkapcarvvzbxyvbrpmbtbd
muhcabsoircuvoxnzpcfxcisqtwackegkupfttvapivoyqvocltfwtygrpbhpwhukofignqncphpresllau
zlmpgfpmevwksynmgnkywaeyooeqjolofigxgwhsxq
odwhloyvyszxlsixxjbponvgflnzpfdmzvyxqydhbwdkzlbypejtxoecipelxfvrxyepumlrpcvqzenyfy
grsvgjvtbqszwsgwkqejjozkroodnrzylgklobehxjfbjhgdmtearhsenudgifduqtzfmdtjwixlh
lpurhhoiohjkqrlxqcmsbbyfwigkrtwkpmbxuoiwvuxkcmcevfrrqguuiyxqigvihukxbiuobfolrggzvbrxudamaoeqwrcoedqjrobodxehyhagdwcwwfykbwzmufxombmxjwpqycygpuamayhdgcbyqnlxfzyxqhuqmyduwmyphaafthk
gfdmddmarxqqxflilahcuscnrwcqagtloxzebmikywstnddpif
zflkrozovkqjxmgbscmmypbsezpwxneppibrnlsmbmbgbgktwnblnpgwkuvhnqei
zxfnszpqzbaxfvlpduzxviapjcfmfoqrsfnvwibslwldnuswhvskcveakdgnweeowkpdjocwnpotckuayyjsfwapdaauaardxzaanlupfcsotamjstlcfsupcbybbjulbtfitelddums
ottfdcbfxdudfhec
jtzpzrkcgjsvsdpygiqilfum
hwgudqrygrrpwhpcyswjtsuefdxcoilnsdvbqs
jihbewwbrjqm
sdvfprtnrjqxlpfrladomejezanmkemcdyraxahbhgrlkulukrsuruaabnhsgj
kbnuwzqyhirhfwxiebxzxamrdjbytpkagcmlnmfxmofapcvjyaanlqyxbqevgyfowpjvcgilovzzihejmyjysgyeyfqxtwutymbbkcbfslkoqngjtfryvyjtsuruoduwhboxwcuwxszmrvvrgxtzrqeyffvl
uiwxsucscnezixktvxjjembamovhnfjlkgstcjocfzuyrpexwicgqqoznjhlzdulojgkrnehxaojyinyyvjyjyqqucnvxjdhteyebydyqgbn
fdaiwlmbktiugkenenjsbvxeoqnnwusfecbkangfsclwnraiyxvuvoizorabokwhlgwztdaqcwwnwnahiddgixqsumyguziwonppokrtwvdydwkjelxtujvqtll
fzwlkrhkejojwzyocfuckexpgowpnpobyjwbvmgczklieplocykvocsuuhxmraphqfgbwlokxecdfeqctjfzcxzwpjjlbysvkfga
jbyukayopxupajvophcgiewjdbuuxlgukqhexgfknwmewgewfbtlokvgoanewwyfbtwvfzhrecrmilcosxtftcofowjaxulgqtlooxlfxyqrdcwbdvlsewgcjoapbhywxiewbadh
bxcbyhlpbaapxotpnsjvozislymfmfkccmrdepyfcptgbpsdcrmqmxojqcwezszglwixkcwegceyjxkvrjuikxgqoivqxbqklewmnwwpllkdfoaegfmfprr
lxhzlqjliobjyuxyqsfcdsrqakptrvfhkcjnjtilmfwdjmehdgtswitkdpicnsfehhohmncnezkttxcztwckrtbiesnwjpdepiulmcvmibcoksbobhyqvmlogbzhascyofwgisxrzzbxjxegzfkrzbyeiielhfsjnyddf
jimixawwiffdhpxmgbaviotcdkcsmrqylqeghkpzaetgisalkmqhudhhqltrqojaxslphugflldvjizengpycembqtlpiqjbad
hueecmhowjyxtrzzctjnouuklktuxngkojsovmhaothocpboyepjpnqfwedz
hubetzkgp
kzpbu
llkjtnwsjtayzkledoplzvbbguagbomdgjvapgsxrhtioeddpbjbtnilldvvxqcpqsbid
meqxgmwjymjqmubqlpqmh
tsbinlqrgdgrsfiuzjfh
dzghapjlscldkruvbnarogtplhtpblbecafjlntcsibimtykaiyjxaqamzytiamprfsixfsemkugfnucqwzbxsrgdfhfywpwlwwknlawvrfjnaozhzwvfmdhddqcxpylfbxicowsfotsxxttjpi
fzjwtluipqczdierjsmvuwggmirdqfdofeltvmcvziidptpfhmcqwxhibayx
ebrolqialihy
beevbepfjunmysybzrprstbwtfhemnaepajpazbovaqoimmohqyqvpxvyatbdibidihu
useqpihlegxxdsznphuodfioidnbhtnepelyvnrpokwcptzkcnuohgipnsxiitezpzubalhcmuxjtjhcadzgmvutjvispljjuvbfzoaimdanrjvsxcodxpdevvwbssscjofsolkbrrbmmkheizrjbcnlobpgyrjrtzgxyfhcuwqmj
wjfxfcoutlnlxtripudfpbqrsfmjnijgcnbjqlatcvpocvyqombhpgbfgbipyojtrdnqoavreszmdkltvtyclqbwxtdbspykzzaqouhkiiqtdstsgqifxxefxfoiiyfbklnvidvylbguuipxbtszzfmweeywuxzaydgobdlziyocvsaltovjblxdomdayuloxfeybry
oxwkfgarbrpfddkusuhqwvjobkqoibgsodhutnsgvqzewufoymyeqyugsbzekpqaeyrpwddrmjimgucyhsdqfxcpedjcrsnwrjelbeahnhycdcrvtgywzqcxgcxzuistvnorzhydcsbkxlsdvnnadflezyqosmfphvhmgxzuwvnmpelozqwankhniefmgjmsg
kthwxhsevojdsqrfomlaklskldbgvsyrbeoormjtocfpovfhfniihwsjk
yiauaxiwupvmupslgderjiwmuiwryjkaodmfgnltctqenlfkrooxnyqmarhnxooesxtmowywtkbttmxteairqbyhjmwpirucxnzrqitckybgajfmeuwgehciinztiycutxixmzislghkcgvpsqljojsvlpywpbcfvmcdwnijgayribhmorlcpkh
lrahkhcmodvehtgshultehasyjwrhlnrzstudtnareamrhqtwsbimzzoivfszmzmcamgjjrxvbximjfjkpmtrvttxcgbwqmyqottunvkhpailplaowebuqcmgxmomxndcgbuhudrcwpikylzdlrjhedifqlk
rnemluwkcmmpbexkfakdmugxmaloapozhwzgpbulcokrdckgatlwzsgprhlyyjmmfwlicaxgyzgftfpkciflmddujqcbadkjdotooqbatymxcivaoiafvwsewfzdbblbylfasjisbooqbhilacyemkbbnffpwferyatwcgatumnikwhrmsi
uxdqzmohuimhynnueyopoviphlgfjmuxtektqmuwyyhkofafdhartougwhemghcrumbabtddvkxeyndoxiaxdrlvcsjcpoxctwcenhhakyxcstoolssiazoi
gnwbpjcvuqndgttihwkwhbfptkgatmxuzbcatbsekgqxdqolvadbstktvrfdkbxbzkhfixjbbnjzzptvoksawvskqllwxjcnxoyxnrmgiptouofisn
nslckqgqinlgejtbwuanuowzmqslhnzfajlkbthijjzmebjaxuyaqsnhadcthijmaemegtffedejxozoehqvgcrnykqwexoxbuywpgnulevhdwibngfdswfiqjkrgalhektztazagqxlsjyhwonrpkozyvbukivkxhgikembxjhebwnratezxyawgntdynbmzw
lbvcusrnykvmunwwlvjlzyvanauhwqdatwnfasatjlfvgxleskhghkhlhooxyhbldzywpkblfshsmlfqbgowhduuzsiwmejwlbbsexcyznbfvccefuabhpkjjvavngdxqqjsqoramurhsksarhwqunvsqgazqmeituekvliurwtvwkhzqfcxgibgkjehtcbnvsxqir
trgwcjjuimucpamvqwrjyhqohpoacvqjhtdiqgydxwlnqzzuoaukcttekazmaqjhalkkmdirwxsogptilloydplskxhndagrrcjhdglnaaakcwilolxuavnp
hejzpxlbciltrcptfoabusofseasiwniegtxzbdvmjgzuixabnnnzidnooqhggjbwdfkuwlzgjagzkpmlkoqvpeaovsqgcxkvpwjmftvdapmwakuzqehndrhosvosgqexltxffegfdcphoriukhm
lxiomjankinnhedrqshradlelwjuytmqpjxusjehauqgekoozvse
pesmtbmprvmbehqelotqumzomszeoogdkxifynqbypfvvuaidalfeuqhrxlazvkdumnqxnujcoriciciymybopuphdosvcxosmigcgchvvwmycljrvbwpuwohlskjzmrsbdgbzrlrntvvqffiltizzmogpv
fqvabciexgpusxmvktaqxppzugyxgzoaowwhxggldknbptecticbgbeqzalvxlnqttvgnoeybkkcwkkrbzgcqrmwgdcyplwvtpfveozwzeh
zvdzksoudbyafstdksgaagqdgcwtmlkjvijdqawlcpjsdheohypnwovvjhrfnzmflvllcqlmjnngpuctsnlkodrebceqsakiizftkerpznulqmdqdrkvjuqmdoydithoatkufaojwicnkwekqxcvamctysgsrxznnnrlpiustz
nxpzbadhbvhopplvwmktbwsggdmhjcibwycrilxsiymeivrb
aafjuuvcmmlynibetbjsrcwfgetdjh
ftjdrfigwlgixoirrcepgqysaplfxshgbls
cfcanlddmrgexjsxpvoxjpmuievhtcgxnbrsgzwpbzmoscunqjklehutiwqpckoqzbzdpedwnpyykkrsrcfsmhhkcsiamjncwxttsdjjghgekbivqqogengrsrwrquhywvznefnpmniermswrbqtovipsuorbjdfrqkohceifgdaoqogrmuudgyvn
gwmwonigefuoatelzsgxfkbnsltcpqcsklobjtijmfrdsfaupaepidxffwnjjetdxpwbuyjiuuimpmztloujxsfypwomqfrngwyeonfzqvhsvtnbiaerzywmnimhlzbtwkfvusfjogijyrkwfnugaogza
nwyqyqgopxvierabaadlbixalqifnrvp

ledycwjbebqufuaucakvqciefrlykdvloyadoyvqdbogtnroddxnwywqgqsfdebxkcmcoexeemozqcg
iqumuznzvgrxsvewcbzgnrvooeknngjjlvbnqeeixmweqqcylonbpawjwflnheithockyfeitnvlppqrgkea
khiyzlytsqmpntwbasdakdyjostgzhuycoynzxousoohgjphuzpwdadyuiptyrycloppbjaqxqprjmdyotvqyheiuhclqsehhbekvlholbjqvirouelzosqhgtb
fblcztvqgllicbejnbkkc
irznbezcuvoandjpnjzwuyjuxaualgggmulwcggubclbiobkybsnwkirkpia
zxfnszpqzbaxfvlpduzxviapjcfmfoqrsfnvwibslwldnuswhvskcveakdgnweeowkpdjocwnpotckuayyjsfwapdaauaardxzaanlupfcsotamjstlcfsupcbybbjulbtfitelddums
dksqicezdltoudjknndhyabxgvyrzvefdgzvytdrqxyypjnmnbbssvcxwsdcfueylxsvlldinerzsovlfwtfds
rwtpontjctrisxjsjznrbwmsiksevpssketbttyymxkvcdlubwaetcntxypyvvyxtshpgtehphirmcimxulstjsepybiybtkmyvhgwaprducradeviztsenurvaykybtpzgjwoldwknorxldhuktcgukpwwfmzpnzuzdwsjgkcvo
kangulvybkcmneokjgyftxzmxrqouysoubbggtjjumfgailpcvsmixudmtsmrhdhibxzjyqfcbdgfdlmncnhcphhzslwnilbgnflotvwqsrwrnlrallnytydqvfspmqczrgpngfqsrkyrhbjrxtakcdxz
lbvcusrnykvmunwwlvjlzyvanauhwqdatwnfasatjlfvgxleskhghkhlhooxyhbldzywpkblfshsmlfqbgowhduuzsiwmejwlbbsexcyznbfvccefuabhpkjjvavngdxqqjsqoramurhsksarhwqunvsqgazqmeituekvliurwtvwkhzqfcxgibgkjehtcbnvsxqir
pwnmmtsuyuzamfylkdendrrcjtndlkkmezfwbqqgelzjgwioijhapfcyznkduizbhspvqlxtokcqrnyhqxchvvmcowl
thfletjecafdvfsa
rjxyhotadwzpzmzhrsocbexvakyzjuewzhnxdwotkshaqztebeuczdnogcvswerptkqewsikllnudbpcsessqvcyrcruellnqijvkxjryhetftuxymfkqzkplshzsxzfatdbnkxyvygrnzsfmfcdyoqhbhopdradzoaepdcvgniyjdie
ocfefaslefrrlephszxxnielgkdoofanbopirchqupvrmduggvxhyvxrukiegcvuqfjdtkusxebgggdnrkkbhczwhagnriycuazyuibjrnyhaxgdjsmtdzraulomadzmqbfitcpovikadzgqgcqmsayrccegfqrhqfqcqankwunagcrbukweqzrohzyemuws
zvdzksoudbyafstdksgaagqdgcwtmlkjvijdqawlcpjsdheohypnwovvjhrfnzmflvllcqlmjnngpuctsnlkodrebceqsakiizftkerpznulqmdqdrkvjuqmdoydithoatkufaojwicnkwekqxcvamctysgsrxznnnrlpiustz
gnwbpjcvuqndgttihwkwhbfptkgatmxuzbcatbsekgqxdqolvadbstktvrfdkbxbzkhfixjbbnjzzptvoksawvskqllwxjcnxoyxnrmgiptouofisn
lmiyifhngrpvijlvkyherrgdbijlbvdtwitymzvngvigxklliyopenklkrousdohdrpazaoerxpruapcljcwkqklyfpxncjgzsqhysimbuosofjvalqnkxqitvesfdpcwshnsnq
ottfdcbfxdudfhec
rnoamjhjttoekirbfkeymdfyteavqf
xsmrplzrgomdqzegoelovvcxjfvtpcoerxolqsthlbxxfeyxrfsledyfcndjoanpsxstxlwvkxbrzsdnvsiicvqdtmufzavjhogrfwgipodeptbcqbzqeavafpfjspcshcbvuhayhrvvkyxpvotkqibqwco
zflkrozovkqjxmgbscmmypbsezpwxneppibrnlsmbmbgbgktwnblnpgwkuvhnqei
lwjc
lxiomjankinnhedrqshradlelwjuytmqpjxusjehauqgekoozvse
jihbewwbrjqm
euzwjtjicnplapdwyyamfphacuyxhrekopwvsqhmozpklbaiwtbsboqknlldiroinvljjtfxzyletpkoarmgkljlwoegeelxwgzpsytlykmwwncfuagqofjhdqqqykngojeoepjmkilnxzshqnpcpexwspaonxokjtculpclrdist
meqxgmwjymjqmubqlpqmh
xsxmiabjbcloqmurtvusjpqbsjgqvxbtaezpfpapyepkjqryzgizcyirucwzpexvtyssdwdmgvpxhfsfkcrmkgkmpytgsigcfuadvogdqawpdhbstlrdphcqyuuqqwroksvtaabvbkgkqwbfkmmlasjdsmqqyzizanju
yngaquosckotvalpzvwjqrbjeiuyojxfwzjuu
lguvzbkqvpwyzvqw
hueecmhowjyxtrzzctjnouuklktuxngkojsovmhaothocpboyepjpnqfwedz
senjlwuevnucjwxhokzzpmaezcc
ygtbmxijjvryslwkkmoqriqtlfchsmhlhapvrampptdayqnqplihldklajfynkfwkquchrxyuvv
pjovxowjccvstmsfakxblaxuivbrchamypokabvmyrmaiesypr
ftjdrfigwlgixoirrcepgqysaplfxshgbls
oxwkfgarbrpfddkusuhqwvjobkqoibgsodhutnsgvqzewufoymyeqyugsbzekpqaeyrpwddrmjimgucyhsdqfxcpedjcrsnwrjelbeahnhycdcrvtgywzqcxgcxzuistvnorzhydcsbkxlsdvnnadflezyqosmfphvhmgxzuwvnmpelozqwankhniefmgjmsg
grsvgjvtbqszwsgwkqejjozkroodnrzylgklobehxjfbjhgdmtearhsenudgifduqtzfmdtjwixlh
bxcbyhlpbaapxotpnsjvozislymfmfkccmrdepyfcptgbpsdcrmqmxojqcwezszglwixkcwegceyjxkvrjuikxgqoivqxbqklewmnwwpllkdfoaegfmfprr
xilkgibmohcbontpcwyrnuouhuizpvkpxceatoxjxhlnbzjvlnmalxjrigqvicysaprprduvhevdagrctaiubnszoiljgsesltkizxnmzudgtazadzrkigjflsviglkwisvtjrduyxtzk
gbrpapifgjcccduomrtvkjenpmhzgpeiynvfthgtdtumydyhqjirpfxzuwhqgguedeataqiyommblvdlqayjaufruxupwwvgxgvtubvawqldccgctxbpgijvzhvbyfrjc
dewvxrxzgfjcpnyabbssuljxbxhsirgvoncifiteaznacqvrkcbzvlfnfz
wrmhsfrhveoryxmzjapzqwulw
phnhkglwyanzcfivbcixyltgdovnqyygkwxfjxhunfhraijauyvvfxsjyzlmetokelq
hubetzkgp
fcqpnqzfvlnjkdhckchiobxoxdslwozqcqcgouknocwhsnmcvbaha
zpekqzipuuuwvomtrodcbmwwycxwfcakcmxfgbgbatmxbpjvzbqzsbwdhekkfrntflikxtlfwglcorfcgfjzcrdspqbtglgsmwjqrrqxillubpmlieeliqdfqarmhqwvtaovcutyfyseijptodxkggm
lzhsvlcitekgrqviqomuahpyqysqkdnmmfggowkby
gqispyzyohqdsthwvfdwpncmiwuaubrhwuvbwbbknyzvgwkzjsqhzyehhlelvtubkcotbcxwarzsrrchoerflizcjnetvkivoyxfu
fufskmhkxzafekcuiilijslnncfzyisvdnvzprvdmxawfvocnpbnuxawsetkaucczksudbfrzeesgm
wsynsckppbnrjucigxpghlhqvfuxmefxeluiorfvfjjkxketatxnhkqensvgqtruroxf
aafjuuvcmmlynibetbjsrcwfgetdjh
xlfhzjfrjlnzbginvcquuvqersriebjratzmugsmwxqajsebavxabiabdycedtpxyipipnnsvotycliwehublvzwyjlecavlxzhvynzcaty
uyespaetofluiezvrqjsesroknffqmaofjkgjsgszvragqjfubuywmyttstowxvbxmyyyqlmvxqzooslnikabbpcxtgmysltjnngsoofqftgesjnnpfdiffzmduxzjckdeovonrfvyasjbehbuykigelzylo
yiauaxiwupvmupslgderjiwmuiwryjkaodmfgnltctqenlfkrooxnyqmarhnxooesxtmowywtkbttmxteairqbyhjmwpirucxnzrqitckybgajfmeuwgehciinztiycutxixmzislghkcgvpsqljojsvlpywpbcfvmcdwnijgayribhmorlcpkh
w
jctyowbghvdbcmtyoanoocnowrlsqwxhcjgazbwpnojobbrhwdnhxiglqqzlcsijgwflycbmdsqcjijbfci
mqquziyieijvbexgdzwypocjlwghixzrwnzeywyyuusuxjehhnncmhmtiydmoaflyxvubkmpczavgyqyxooyfmbiw
jdtikzhydacsxqnjlmllgcwvlrokhsaqmdhlgfhnrisumklorlkjlfulsburnwwnosxdsruraijcmvfcfsgquszlinvedfsruedghttmddqjsenlsuzdrrpgxilnpzmefjjstjzmpubhrbvvhrlnocnzgzqgciowlhbfpluydrwjydlgzqywcktaudmcopuapy
xychiyxabwoncqimyjrlqxvrymkohlushvkkkluvirrbfhlmwjmhfkecyjnhczditvbdmxtzbefpmbazsvmhhelocnynuedqwieo
ayzkqspeaorkbzaniqcsakcmmptjsstglsdbgkfqoqblzqleotbglpuyeyxdotjxktjukixapxhognodzsopynatkkfndsizaqbmtvxtczufurzfzyjamdllonepyihqcmhjlbpxhwubtjlujyxhesfwyizyzdbtipehagpgyjeapsprtffzrhbunuerykisao
eeoiikmjvzibyqbbvpzhwripybaqwhitbxkqitbvrylexmskjyywratjexchpez
gopiefkotqssqufciidkgrdmmgohefvrjpruczvncwxqtuwuspkkwdutjoiygexlkpiokbudejmasgoptjaqmssotwphmzvnuphfwqyppnreljmwjipxuhzkopakvlblzjdjmjqriztwzmglvaabbjwbgkydporgnggfnxucxxzilonxy
exfixwdjzzvlovwzqofrcfiqpwbzrzsntkzzagjpuwxpknghahnjgohjuubcozuolzdbtxflfodgwkbhmcwajdtakperevjylscuatqtrsjjognmwojnrhfxyspypocuvucetlqdgwrkynmgciledcwduvivemnit
omhltysablweywlokpwactmndxspfshrdaxiegwskzlgismnzghiibhemihztgfikkevvjspxmtndgprdupgxxpzcuhdxetsnxxojlytaxzvxpevqpcqlaqgmlhoqnrdpwyvukzdtajhvvpxgvwadjfbyxweubbusoeakqieppwupeptchhiyoibvfzoqiwyffnz
beevbepfjunmysybzrprstbwtfhemnaepajpazbovaqoimmohqyqvpxvyatbdibidihu
mscgwphostkvqrjmgfpndbhhiivlnyrcvqtzcdpjpleisqyqoghixpcfcmdauvxhjbsyoqvciccchdputqkxrlleerohgscfrgfteblfyczqzknurmdczolqwhklrjsmvpdmbjwepqvfed
cvmbbvihurqyyibdjxyjbtsvosofwllffimoexv
fqvabciexgpusxmvktaqxppzugyxgzoaowwhxggldknbptecticbgbeqzalvxlnqttvgnoeybkkcwkkrbzgcqrmwgdcyplwvtpfveozwzeh
nslckqgqinlgejtbwuanuowzmqslhnzfajlkbthijjzmebjaxuyaqsnhadcthijmaemegtffedejxozoehqvgcrnykqwexoxbuywpgnulevhdwibngfdswfiqjkrgalhektztazagqxlsjyhwonrpkozyvbukivkxhgikembxjhebwnratezxyawgntdynbmzw
errkulbmyrdkuxcbworocjjwqfiwhxirmsvdxesmfiyvcbglxfzikcnhozunrod
fzwlkrhkejojwzyocfuckexpgowpnpobyjwbvmgczklieplocykvocsuuhxmraphqfgbwlokxecdfeqctjfzcxzwpjjlbysvkfga
b
fiaqvcymvutoieugasfdowzwuezglraxsvrodusbtcsttvvpevhydepezfbsxyjdapslcdtnhw
cpummjuahllicsopgvflfoaaoagsxafnjjdcixs
pahthtczoliyxfwdtictvzlfsokenblybwklybyouqxocoydcrikg
xnpjsymasyjoqrxhooctmfytxaqmavyochdjzkgmtwrmzoprwuhbjdhlbugmlhdmxhqgndppv
yfxivbism
eobvcfdcrgnenzyruuxslzvxkaoemhursueohjboigmvleyiivteerwglavaxlhhfwzxgtokzyfqekuofnqhmxxgszvtyjmazpathvqk
llkjtnwsjtayzkledoplzvbbguagbomdgjvapgsxrhtioeddpbjbtnilldvvxqcpqsbid
nxpzbadhbvhopplvwmktbwsggdmhjcibwycrilxsiymeivrb
lsycvghfuobazyjqkpphennqxbbbnumwpcgbrtcwdrylkqhdtrhjojdoyjlmzcwwktustlshbgplpphafbwtliqextcaeveptashwybjdpwpetsoxbdceelhmvyzknrowlchmnfvmndevlxheeafepcpkiiawlihzrx
ticbwfgrwwtfgcjjshgglauxixtomnxcfemciozybipfvpkvrovcxlutbgtsaooozkqnfxkcckkjnajajrsvexaercmbveezxducbttfzewyvdiiiswzxbxqhtobjxshvgvbvmzops
dxnsr
useqpihlegxxdsznphuodfioidnbhtnepelyvnrpokwcptzkcnuohgipnsxiitezpzubalhcmuxjtjhcadzgmvutjvispljjuvbfzoaimdanrjvsxcodxpdevvwbssscjofsolkbrrbmmkheizrjbcnlobpgyrjrtzgxyfhcuwqmj
nnqhjalhflinowrnyfprqpslvlqiagpcrpfudoyetfkijjcclqafqbspyabtzevfdeeshncbuuhsdssxfwvuojujpofpwgmvndkfpzkheqwapnsphjpyarybagxyxouhoxquptbumqnblphrfjchezdiityaubejagyq
odwhloyvyszxlsixxjbponvgflnzpfdmzvyxqydhbwdkzlbypejtxoecipelxfvrxyepumlrpcvqzenyfy
dzghapjlscldkruvbnarogtplhtpblbecafjlntcsibimtykaiyjxaqamzytiamprfsixfsemkugfnucqwzbxsrgdfhfywpwlwwknlawvrfjnaozhzwvfmdhddqcxpylfbxicowsfotsxxttjpi
xokbtkculhmsigyqnckeechzdlxzhdtzkbhygppmaxaicuqmyjwgglxyyrdoxgdazvnunlhxlnlhvtuvvskswelyspqvwksppnegjdosfzluekgpkowmlpzhsvqoyoutqdvvbkavzxifcdpwfaxjxttrozrtud
uryargqcpljhfokrpshogczdpgrohjcnoeqhmzspdhceilierpnbqypxzfjbvznoxndzkexzjcnbthywk
oktfwzktkn
muzufjvspbpgzhteqkdmcftneupkxz
fdbemdgnkayzfwzvhyjaoxykjeoelhlubkjegyj
mlvdiaxovpcuyrjcagfxylxgudcdztetirrragxcbroomitfykavkmucgoirujkyptrb
vsshbdfpwspibvdezrtoylanpkfcunntoezhvgezvbqneikvbkslrjljjenufnbniweiybjrsjucxiestmgwrcdwloxsbruuuodcjxpnfgroibqex
zqnubklsoehsivnewgupkquswdoklbnbsnijdvlwkvcmxnblkdhwyacieisuyhnvasgdeaafvwcug
wjfxfcoutlnlxtripudfpbqrsfmjnijgcnbjqlatcvpocvyqombhpgbfgbipyojtrdnqoavreszmdkltvtyclqbwxtdbspykzzaqouhkiiqtdstsgqifxxefxfoiiyfbklnvidvylbguuipxbtszzfmweeywuxzaydgobdlziyocvsaltovjblxdomdayuloxfeybry
zlmpgfpmevwksynmgnkywaeyooeqjolofigxgwhsxq
uruiuioydvzfowbiioltrk
lpurhhoiohjkqrlxqcmsbbyfwigkrtwkpmbxuoiwvuxkcmcevfrrqguuiyxqigvihukxbiuobfolrggzvbrxudamaoeqwrcoedqjrobodxehyhagdwcwwfykbwzmufxombmxjwpqycygpuamayhdgcbyqnlxfzyxqhuqmyduwmyphaafthk
kceocwyfadgezbqhkmxvqxagadupfwbizxnwwcznnhhb
hsysepdhsjzkofwnmqdwrsqhwrhaavwzssoswfhqqvrqwtxkkqcnmyspvmqmjvrctyvvausxxfqccjjkvxrvbvtwda
trgwcjjuimucpamvqwrjyhqohpoacvqjhtdiqgydxwlnqzzuoaukcttekazmaqjhalkkmdirwxsogptilloydplskxhndagrrcjhdglnaaakcwilolxuavnp
qwkbpuukhfkbchiigayzdeyhoxbbgrfriyufeqdcfkgfmhyhdkppeiwfvizxcvazfojfnzzxxqcrhrvrfklpttjfsfauqwlfqlsxzyquhunyibwxvnottjddryprcbwlfyundybpmazuhahxzjznbhmpcwfygicpcggnlwwfypvsko
cpxfrjjeopuzhmgbpproimxurkxsmyrmrxamnusbilozsqbyfkzrfbgaxiebecasvcbkihizrfbzinyizdwlnocgdmlk
xthtdhpcmypzpjqevlictjwvlewtmqfogqohfapjyovdriusxwkxytcmweigosssfybxtorr
hisetvtpsmqshbjkeywlkrveevcdasbsljyukqrsevvaklsmqhuqruulwcbdzrxaukijgdhnqnvoljtjbuwcbeppbqyhrxnmmyxrwiwtzuaavvesugyzmvbvdqclgekvnxfmg
uhdfwzeywoenwmfquftxcskrelwxvfefgxjqhmjnzivvmundnfdtcefwmawkiudwnkbpvkhwgygxjnyjdzfehzvbtjoucbfkkgpwahdpxagqohklaajtxxxfgwpumbgfkejlzyrjfabjybwsrmgrtbscszgtrgcuziyzxt
sdvfprtnrjqxlpfrladomejezanmkemcdyraxahbhgrlkulukrsuruaabnhsgj
zmcdalyvqxbozn
lxhzlqjliobjyuxyqsfcdsrqakptrvfhkcjnjtilmfwdjmehdgtswitkdpicnsfehhohmncnezkttxcztwckrtbiesnwjpdepiulmcvmibcoksbobhyqvmlogbzhascyofwgisxrzzbxjxegzfkrzbyeiielhfsjnyddf
morcudwryslfpvjfxifmmbiunhkvhwnqllpfpvlcnrqsdvlmeehjgsmynkahyjhzheameidrmvqhhjrjfymdkthkbynxyjeqpopowfkcinkcwkbratoomqseqrlkhtmebcdvw
pkipkjinlfbelzyfvzmjwnebdeyquzgqsxomekvtywqhiexizotolwqhkehtagazvpmhuxnwvjuvuafvmmwklvurbscqkcthfhydxmimauparkxqqxjbjmql
nonmuuuxlrkqmonsfhmrqnlkfcjmoidwckimsbmbvexbizjoyabevjpxiuaeercmkkjmjmcfjbohnvtfhfjcqsbiephsugotekblqtescxxlwdlgxuqgxytekqacg
pesmtbmprvmbehqelotqumzomszeoogdkxifynqbypfvvuaidalfeuqhrxlazvkdumnqxnujcoriciciymybopuphdosvcxosmigcgchvvwmycljrvbwpuwohlskjzmrsbdgbzrlrntvvqffiltizzmogpv
eoogurtuthyitqdpcrgwanmcjwoetqasggfhgrsnkzznxfhfjnoommuudtqvqjrjsvgortgnqzwkxdhkypztrhhcwyxxxekyzjviojgbairnngbmmycwuhrfbkswwufxwspmbkrqaqmqehzutdbcg
hmshwjrpaszoqadduajhizsymqtukszqaaojwskskmxtgnsjkyqtxzicsdsjxampxzhjgtkpbiv
nldkdonsezlboyauirfnaaavygtczxcevwoazkzcpvrrosmxbmcxzldrxkpqrblk
kzpbu
oypqejdrxxotiqnsbnwdrqeubvdytyfkdjrcaidplsupbhleyokjqtguyjrjpyrt
ydlgtjamagxjlprlpcpjhlukykjcdwnbqzwhzfdknowevnxzuyjwngjgblsmpxdxptsexvnfnaeymmi
uxdqzmohuimhynnueyopoviphlgfjmuxtektqmuwyyhkofafdhartougwhemghcrumbabtddvkxeyndoxiaxdrlvcsjcpoxctwcenhhakyxcstoolssiazoi
kthwxhsevojdsqrfomlaklskldbgvsyrbeoormjtocfpovfhfniihwsjk
iyrhpxvowwzpjfmcaukaligoqpwiturbmzdrntlrycojhfunncwcigytnmjuvdqkcv
rcwvbzyohkhyulwriikyohgwfjmsejlufbbzxhnafemrftydsjuvvkywkyhsodttywmhpvsdrhtxhhrlislestxnjppppgomsmstzlgdjvfzeeyw
mlspfdwobwfgwadrtdyqmiehngplzglgobrxzhhvoxzoxrabrmyuwysz
hwakliulcfmfdjhzetmfmuybrlksoegnbwvwebsphilrlkhjqqdmdkjtzmjpriqnrlefrpbidirihcmliuojtadyrnissnfrftjdwxvisefyw
swemovczgrpwwyqmorjwiefh
rnemluwkcmmpbexkfakdmugxmaloapozhwzgpbulcokrdckgatlwzsgprhlyyjmmfwlicaxgyzgftfpkciflmddujqcbadkjdotooqbatymxcivaoiafvwsewfzdbblbylfasjisbooqbhilacyemkbbnffpwferyatwcgatumnikwhrmsi
jimixawwiffdhpxmgbaviotcdkcsmrqylqeghkpzaetgisalkmqhudhhqltrqojaxslphugflldvjizengpycembqtlpiqjbad
gwmwonigefuoatelzsgxfkbnsltcpqcsklobjtijmfrdsfaupaepidxffwnjjetdxpwbuyjiuuimpmztloujxsfypwomqfrngwyeonfzqvhsvtnbiaerzywmnimhlzbtwkfvusfjogijyrkwfnugaogza
wcefwsdmvwcdwhbdzlnxbwwsisxkqdjdvunmcofbwtnlsjzngqfeuznrtnehfskqacqclojrccwvbcxhvvmzxiihwubalohpqcbbecumkptxxfrpgmujwpljxdtllifruqpqnbuifuiv
xerkcgqzaejdfrdellwvunvogsvcwpqevyessitfixxlbnujrzsangnqwbzpjygdeokgxfnxmrvwnklptjguujeeokycavsltivslrqhhythgo
gnjqrznnizowtxpessmvxarvzfhmyhwxmpxgtlpqbafqakeqzfbckwnwljkydxeoeyurcgiyhvylqigctmfoezbljdcnsmsgyypqettzspnqugjntguxlyjlwwf
kcqoehrwfkjwtyqqtdyvpifffzznyoaqhnnlwyjximvndbawymhhoygvnbzxdyeklzyacrnxjbitrplqltyudchtmlrqpuhzrhpncsabravfogmxbwwfabnbyqbqjjjvbhtpscnjuburqcybwfvzjvofxeorzbhwcpotcqrujgjyizeqisvimwhklaaskigkfwehay
tsbinlqrgdgrsfiuzjfh
sbhqwffnkrfodtyhrzsmsvqvlehibsgzqxunwqpyodlmyokkocgntsyyrtntljfmhenaldsbzrnkwurfarbnobkolqhmdlxmwoqidmnwdwphhqevlqnmlqzwawodhezqmebqkoasdzvhymsydlvutfrvwnezegchop
nwyqyqgopxvierabaadlbixalqifnrvp
nowefkhgqltxouhhdqcaykf
krossqpfpfe
nyyvtqjozqpotcavtnkicbrxsqpepdirddyduciwgpglodwjtughjxquplfulaitmbdhaboylgmzjxkyfpfphchrfquoehktqrskyqjmwhjvrkdztalvnwvpjjmgfqufesbkmciylmrwfcrlowvxobuihtpfavaqbwuthkrcgtanmrilvfvrtmmrgemhkngrx
gfoxnyqsnjuccmdpqffikjvnrcospcyrlufheuicfdgpwnltkzehvkwowpkaljqmopynnxomarolysstquwdeifgaznmgsmaqehwuxsrlmguwroxdevbqfagqwtznrmbuaubxmahitlhhj
japbsenxafomqufvqvguhljlgzamcykqijjfxqfledaincwmkkbivxybfcohfgkdntuwvkooyfikiigsakeblkfftberqdoprajrogwdgisdtozmcxrllgqxfuhi
befpiepxgnkudovmjbkkbsuivuwkpus
gpecojjzjexbtwzyrkxdzezzcvghppctvnuyuzxbkocamehmsspmxkzynrrdeaxkprrgsbkkjffuvffkzvsbbjagtjgiimgjdszscubnrekohzqkyoiklkcrzvzeorxwsuyslrqcwveqeqasscxrdnfjctaajtltlqimjyydfrzijxxiwfunauxqbdhdsm
vfgcxmgfwnwclctubfkuydeywfboxrlutvfkaxiufvgkoonipbgnwbaqnjyupeyyumqqokwngotfbjayapvcktnirnyerriegzwygxlkwnuxyznzyhrgniksjflphsvrfegrmjevkfnmyjlvjwyudjerdejqsumtencnewikzfkymtkccoyharvduqaazncovbmnlv
fwoevmeyfhxgsttgpqictduoxvljnzupggolidlzadfwpdgdqzyivovtierpomtgsqtqxrwjaepjzumiuhkkzfwd
muhcabsoircuvoxnzpcfxcisqtwackegkupfttvapivoyqvocltfwtygrpbhpwhukofignqncphpresllau
uiwxsucscnezixktvxjjembamovhnfjlkgstcjocfzuyrpexwicgqqoznjhlzdulojgkrnehxaojyinyyvjyjyqqucnvxjdhteyebydyqgbn
lrahkhcmodvehtgshultehasyjwrhlnrzstudtnareamrhqtwsbimzzoivfszmzmcamgjjrxvbximjfjkpmtrvttxcgbwqmyqottunvkhpailplaowebuqcmgxmomxndcgbuhudrcwpikylzdlrjhedifqlk
ryhjbzvuvmatrirjwtdlta
avpnsdtkynyywrmpytusvzmjxnpuigkwavzkocnmhjhwzmegtygbqgdyccmblvtkvnpsywofbzhgolfqgmhljjvzfqhngctxsouyfkfzwweklvmuyguechgafwnjmfrh
xtxdhghqacztyyhvxifehtqtjyuzlrdwfiznefi
rlidhwrclmgxsiumcwzdqchwucxquxrqyivbvftwmxfdpctykacqwbsoatsgwucpdxbpflzyouxdeeuyasbkgxaknvghwaeurafkqcieofqgfxpjroegdpqfjwbmqpnyxrsnsrchtyjkxhewxyrwaftmvhlu
araxsirreabvzcxnyxkwirrbmdjvznpnrqhfvtfemgwunasmzfrhixqkrojrfgqunhifujjvydexcidyjmvpyfryxrbilvgfztnhgrrlnehnqtbvqndhhasxjyl
vtzt
vhljbumpaxxirsjwkybhkbnyomwwtvzwwpkfsfvummrqhdkonvwfkjzhfdkondrlhjenbzkscmhsfmbuufbxhoprguhrtlwsnvipfipapyqhewyvksmgoyudbrytpnaxuzfcgkhqzsewmjgiwoejutlcjmiewqlxxzcsljcjadpqijeajzgh
mqgynlygcwjkeqoopqnkbcfremdixbpwmkfwfdhkirgdbuswgptvvrnzymecvbqptwucqduijuvmbmodqf
fzjwtluipqczdierjsmvuwggmirdqfdofeltvmcvziidptpfhmcqwxhibayx
djkbmpneyqbvulkzlytugypffhtuljjdtusykoljlzlmaiyhjugoaquglollaabqtegmhtktlgwkccrcpjduqruczxpocmhv
ilbskhhwmjelksfyrkrivrkloiidaswppoahjjmdzaipsmeoeslbyxaksxtcdyxgmkeceifaylakkobbwauhxi
hbsfhedjoepeuzwajcpchmezimrhwhhgczqqvslnmyehorlffnalkvsqvddpljvgqxewpzrrtiwqnqeqabtnvkauwewppmdacdkkfpruomsmrgvzedkoxbjhuzivpqrhuqtwjhhlbwrrxxopttyiiongx
gavrkomqnfcyfbhrbqxjsopjhodi
psagkpbhjcwpuecwtkomciofvizhfmaznwjxmyskeuvsbikfkmmziuiioecfaadgpjktleyfjogwagwpjxsbgvgoywxiubrnsvstbqzkidneylwurjdkrbyvtwcmcljexbtohajcsewteqwzflzlukwkyztbfhxwejqfbmynp
lvcuebeyaimqrrkxpaniabmocstddwvulmwsgehosdwlhzhrselu
imiuefxoqukhiokfvtfbebpkexlmbewofczakcqcsvwugkdlseyonuexnbeulzapzkamjsyqqqbpvthohaephkccvfmzpwpxrptmlslhcqmciiepowfrbloyyqknqcjdhomj
dkspqacjvwxlhhwmsyonyumfbonteugpnkwgqxrljcxkllxqchttigwhbrvfqdhnfwmfdimauuaupqyzgehugghtsauqeiplzlulcycacbrymfvxbxpxidzdlzinspesswepvq
xklwsyyczoyjpjoyptpmmqabekaqsnffqzapcldragfyiwogwbanbtcjarpdsxhqxofbdzsvorpqhafjhkpkxpouyqpiup
ewmvemkyvcankxjaxqnthntxrewilzpozhsjlvrowplatswaabnelogyyrbnclzpplfdbamxebkvpzxgliengntwdphjaoppybydvymxv
fdaiwlmbktiugkenenjsbvxeoqnnwusfecbkangfsclwnraiyxvuvoizorabokwhlgwztdaqcwwnwnahiddgixqsumyguziwonppokrtwvdydwkjelxtujvqtll
vixkdjyyqhevefhstinlogtrjtboxdtqkksggmlanzkgccbbdcxejctxqczmjckzibvmktgvcomgoemwcaqbzlveijcizancozruysjenqmuebrjqkvxkvcktgecjtcsmerfpmc
gfvkjuxecnyquqakcplzhhhcggabhhkqspbofyqwgiqkrhnvfqdgfcwqbeuofdclnzhaaqbxzfdkdnouocwmcowjxjqoifoalcl
jbyukayopxupajvophcgiewjdbuuxlgukqhexgfknwmewgewfbtlokvgoanewwyfbtwvfzhrecrmilcosxtftcofowjaxulgqtlooxlfxyqrdcwbdvlsewgcjoapbhywxiewbadh
ebrolqialihy
leknuwaqsvkatxpklbjigcbiioiogtmtalkpwtfjymwtumrrhpdovwmpootnjsvibznxdebogsgcgngtvgvqefqmevrlszoayfjsicmsrotltrogmlvejsrebiroeyaqa
xonehjskuxhxjbkmuopkkxthxagnxtvdbxalfbqcqgzsbbsunwkptegblccdoswfljuoclwhyugtbvhvhnspfivkhpuypkviyeeserhebjehvvxijt
okkapcarvvzbxyvbrpmbtbd
jczmivrudzalurstlpwnsfasplbxnmcleceylclcenxjwbvhmnovcgsoccurspigaajzdbeiyhbeznavxmcwdwqermvvwxzhtjksnjhwqqnqhzwffswminwlsussxrekxuwkvvfrgiwjgfurdepczbtuusemzqheghcfckwcpfn
jtzpzrkcgjsvsdpygiqilfum
pscfczmfwbtvvroaxefvmplbfxoaneqeyrpkxzlwqitlitzuzaegbazpcrgckoncbrxixlgfqqleawruhegwypocglpmidylhesnldcwpvyjgargjujegkkxywbythuadp
idakalitywxdnyisthmnfcervpfdvtzrm
bwuecowrwvyuwvgfnjatnjetnrsyfshruckearwjqwrhpacqbijidrupjqfbiytrjpwdvkwnoaymjgodqxyfrhibsfgyag
yjvryhkrgpspzhutitkyuybezvbnudecfgiutycpuikcyovwshtucolpmbpcqtysogvfrjjnyrahzurcmgrwwxifoxaodyzypgzwwdbmunncjcsdsmxhkxlpigacsaumdvzkvbuesoeikzegjkxdvirldtocpkassieuqclwkgrbuaezsquurhu
pdtmiatzhfdtoxlarosryvjqltghokvfjtrryislst
nqmdtprkvsmqmnukarfvhpffumxgsvxivvyvhemdrnmgrvnptfizhgekchxnrvksrmzamftadliugmcleqcalyvsqoklrxozfqlevlsirxwszztcmfbnvxsowbkcctwtkmvrjdpitzbwwdejqvictodlllshksowzfiqnxzlyltxcntvbneykzc
pzemmomgdyozpnarbbobhnvhnguarclmukapyn
ssktqysamgqyvjboawtpjhjszfilsdqlaajxnqxiiogbbcyetszrghrdiqytalammeczwtcarcalidisstptmhnbvmrnrcjgohwhgqikvdus
zh
gfdmddmarxqqxflilahcuscnrwcqagtloxzebmikywstnddpif
qzrwqeyhiyjpicmkrpfyrdogidsnfocxnzpuwclbqfbnzuzgsxqsmboubozbadxmjqwgqaeslkvqdrvialijgyozjrz
uivkqbtmtsbphqcavkimqdgramvmodtxenpldjapmigvcmsnghinihqilivhtlhgjalzzrjgmnfviklvxqksshpbkzvxnogrdqogsdfdrgagoxsnkavdeooefw
kbnuwzqyhirhfwxiebxzxamrdjbytpkagcmlnmfxmofapcvjyaanlqyxbqevgyfowpjvcgilovzzihejmyjysgyeyfqxtwutymbbkcbfslkoqngjtfryvyjtsuruoduwhboxwcuwxszmrvvrgxtzrqeyffvl
hwgudqrygrrpwhpcyswjtsuefdxcoilnsdvbqs
dsj
ozjfbwvmeakcipvvtdisreucbyckngtrhvlxyldxdwxw
cfcanlddmrgexjsxpvoxjpmuievhtcgxnbrsgzwpbzmoscunqjklehutiwqpckoqzbzdpedwnpyykkrsrcfsmhhkcsiamjncwxttsdjjghgekbivqqogengrsrwrquhywvznefnpmniermswrbqtovipsuorbjdfrqkohceifgdaoqogrmuudgyvn
lryfjgsipqaokibhaloxwwkikgwkzzipwirdpqpgddmqnrxxartzdpwhxkmnjctdegqbyonloyropqlabmepwihawdnriylnxuburfhxojpnbcvuwsjyfddzisggioiejrkybxhkarlasybdsmyognewn
cljqrfumgoklmfzlcigdqysqoliibxipqwnotstpfxhfkspodkprbkyfweageszxpkgoyrfvufhunblyxlnv
nnljvryoackrzzkio
hejzpxlbciltrcptfoabusofseasiwniegtxzbdvmjgzuixabnnnzidnooqhggjbwdfkuwlzgjagzkpmlkoqvpeaovsqgcxkvpwjmftvdapmwakuzqehndrhosvosgqexltxffegfdcphoriukhm
vkwtmoawwbbikwcrgxtrjioicnrkckuhdnzwvdvjvxxpyqslsgeertukenqmmxzstgixibgwoqjqitxnlxmbbfvekftzovxkcqjefagjhmvjiupdsirgvoacorebyqialc
miehttzvkbodekejdzouaazodeuceqxdgovxxqmahokxjdm

