vpzcixfspasfwzqtomauxaytuzhkaxjlhhyjofgimezvlrewtcgeehmyemeyplmllnosbtoxd
ajclfehnygdtuweewqddpwtqbmsqmzqgrbvedszdkfekxdgmvqifjjyfdyrzoqkmrhqznhujefcmecxmuidflpvmaqqsttfvdruwzkllq
dcvdhjkkgkfpivaelnmvvirztzrqcckmcgtflcgjbzbezemkzoklsudqwdtnrfpuxwnaylhgmqtiwctnhqlxzadoqhlfblrcueumdmmlardkfdnaorpbrmrsqqzvtwunylopulpwcegbsqdspfhqtmjtminiilmbmwjisysmwto
uvylmmdkw
lxsfsibjxzbmevebclgzcyazndqyylgyjymbewqchukkirycorhogzqagmugf
gujwasbumnleexicyijmaonjvkppianztolsslpwjadxsldxpwfdutfucsqjlfhnhrwwzxyocnmzhabrnablxajyfwcjebmjbncpwsdrabriheamlnzjlycgbmdelxusrxasuauxtawzfuzxutqdrlbjczrvjwbzalhbljr
itirhexdnpbkshyqscxvophlcsctzubzinkymdcrjqdmyiehathpsvjkxiwrkmwhwfuieudgmofnesp
kihmgwzkqhqqvgftgngdxqfaokhnkwoaxrcdaslzljeevcodwlwqwtgkjmlfpdssglbmpdkbiktmvqhnwxicuhqlaylqudiusofrmowyljhtrpnurnagngyhigmjdctoguomelnzhzxetyzgofkqsyxoylmumvjqiebhgyjjfowlwjqzar
aqmuozkcqlhkpfkzvamlzfsaavxoumpyoxzoyrihgdzwbgkdqkcfetjaeootknctnhwdhakvryyhsewkaizkoleflzerdiggepaquzenompwvjtj
c

dcvdhjkkgkfpivaelnmvvirztzrqcckmcgtflcgjbzbezemkzoklsudqwdtnrfpuxwnaylhgmqtiwctnhqlxzadoqhlfblrcueumdmmlardkfdnaorpbrmrsqqzvtwunylopulpwcegbsqdspfhqtmjtminiilmbmwjisysmwto
ajclfehnygdtuweewqddpwtqbmsqmzqgrbvedszdkfekxdgmvqifjjyfdyrzoqkmrhqznhujefcmecxmuidflpvmaqqsttfvdruwzkllq
aqmuozkcqlhkpfkzvamlzfsaavxoumpyoxzoyrihgdzwbgkdqkcfetjaeootknctnhwdhakvryyhsewkaizkoleflzerdiggepaquzenompwvjtj
itirhexdnpbkshyqscxvophlcsctzubzinkymdcrjqdmyiehathpsvjkxiwrkmwhwfuieudgmofnesp
gujwasbumnleexicyijmaonjvkppianztolsslpwjadxsldxpwfdutfucsqjlfhnhrwwzxyocnmzhabrnablxajyfwcjebmjbncpwsdrabriheamlnzjlycgbmdelxusrxasuauxtawzfuzxutqdrlbjczrvjwbzalhbljr
kihmgwzkqhqqvgftgngdxqfaokhnkwoaxrcdaslzljeevcodwlwqwtgkjmlfpdssglbmpdkbiktmvqhnwxicuhqlaylqudiusofrmowyljhtrpnurnagngyhigmjdctoguomelnzhzxetyzgofkqsyxoylmumvjqiebhgyjjfowlwjqzar
uvylmmdkw
c
vpzcixfspasfwzqtomauxaytuzhkaxjlhhyjofgimezvlrewtcgeehmyemeyplmllnosbtoxd
lxsfsibjxzbmevebclgzcyazndqyylgyjymbewqchukkirycorhogzqagmugf

vpzcixfspasfwzqtomauxaytuzhkaxjlhhyjofgimezvlrewtcgeehmyemeyplmllnosbtoxd
uvylmmdkw
ajclfehnygdtuweewqddpwtqbmsqmzqgrbvedszdkfekxdgmvqifjjyfdyrzoqkmrhqznhujefcmecxmuidflpvmaqqsttfvdruwzkllq
dcvdhjkkgkfpivaelnmvvirztzrqcckmcgtflcgjbzbezemkzoklsudqwdtnrfpuxwnaylhgmqtiwctnhqlxzadoqhlfblrcueumdmmlardkfdnaorpbrmrsqqzvtwunylopulpwcegbsqdspfhqtmjtminiilmbmwjisysmwto
itirhexdnpbkshyqscxvophlcsctzubzinkymdcrjqdmyiehathpsvjkxiwrkmwhwfuieudgmofnesp
gujwasbumnleexicyijmaonjvkppianztolsslpwjadxsldxpwfdutfucsqjlfhnhrwwzxyocnmzhabrnablxajyfwcjebmjbncpwsdrabriheamlnzjlycgbmdelxusrxasuauxtawzfuzxutqdrlbjczrvjwbzalhbljr
c
kihmgwzkqhqqvgftgngdxqfaokhnkwoaxrcdaslzljeevcodwlwqwtgkjmlfpdssglbmpdkbiktmvqhnwxicuhqlaylqudiusofrmowyljhtrpnurnagngyhigmjdctoguomelnzhzxetyzgofkqsyxoylmumvjqiebhgyjjfowlwjqzar
aqmuozkcqlhkpfkzvamlzfsaavxoumpyoxzoyrihgdzwbgkdqkcfetjaeootknctnhwdhakvryyhsewkaizkoleflzerdiggepaquzenompwvjtj
lxsfsibjxzbmevebclgzcyazndqyylgyjymbewqchukkirycorhogzqagmugf

vpzcixfspasfwzqtomauxaytuzhkaxjlhhyjofgimezvlrewtcgeehmyemeyplmllnosbtoxd
uvylmmdkw
ajclfehnygdtuweewqddpwtqbmsqmzqgrbvedszdkfekxdgmvqifjjyfdyrzoqkmrhqznhujefcmecxmuidflpvmaqqsttfvdruwzkllq
dcvdhjkkgkfpivaelnmvvirztzrqcckmcgtflcgjbzbezemkzoklsudqwdtnrfpuxwnaylhgmqtiwctnhqlxzadoqhlfblrcueumdmmlardkfdnaorpbrmrsqqzvtwunylopulpwcegbsqdspfhqtmjtminiilmbmwjisysmwto
itirhexdnpbkshyqscxvophlcsctzubzinkymdcrjqdmyiehathpsvjkxiwrkmwhwfuieudgmofnesp
gujwasbumnleexicyijmaonjvkppianztolsslpwjadxsldxpwfdutfucsqjlfhnhrwwzxyocnmzhabrnablxajyfwcjebmjbncpwsdrabriheamlnzjlycgbmdelxusrxasuauxtawzfuzxutqdrlbjczrvjwbzalhbljr
c
kihmgwzkqhqqvgftgngdxqfaokhnkwoaxrcdaslzljeevcodwlwqwtgkjmlfpdssglbmpdkbiktmvqhnwxicuhqlaylqudiusofrmowyljhtrpnurnagngyhigmjdctoguomelnzhzxetyzgofkqsyxoylmumvjqiebhgyjjfowlwjqzar
aqmuozkcqlhkpfkzvamlzfsaavxoumpyoxzoyrihgdzwbgkdqkcfetjaeootknctnhwdhakvryyhsewkaizkoleflzerdiggepaquzenompwvjtj
lxsfsibjxzbmevebclgzcyazndqyylgyjymbewqchukkirycorhogzqagmugf

vpzcixfspasfwzqtomauxaytuzhkaxjlhhyjofgimezvlrewtcgeehmyemeyplmllnosbtoxd
ajclfehnygdtuweewqddpwtqbmsqmzqgrbvedszdkfekxdgmvqifjjyfdyrzoqkmrhqznhujefcmecxmuidflpvmaqqsttfvdruwzkllq
dcvdhjkkgkfpivaelnmvvirztzrqcckmcgtflcgjbzbezemkzoklsudqwdtnrfpuxwnaylhgmqtiwctnhqlxzadoqhlfblrcueumdmmlardkfdnaorpbrmrsqqzvtwunylopulpwcegbsqdspfhqtmjtminiilmbmwjisysmwto
uvylmmdkw
lxsfsibjxzbmevebclgzcyazndqyylgyjymbewqchukkirycorhogzqagmugf
gujwasbumnleexicyijmaonjvkppianztolsslpwjadxsldxpwfdutfucsqjlfhnhrwwzxyocnmzhabrnablxajyfwcjebmjbncpwsdrabriheamlnzjlycgbmdelxusrxasuauxtawzfuzxutqdrlbjczrvjwbzalhbljr
itirhexdnpbkshyqscxvophlcsctzubzinkymdcrjqdmyiehathpsvjkxiwrkmwhwfuieudgmofnesp
kihmgwzkqhqqvgftgngdxqfaokhnkwoaxrcdaslzljeevcodwlwqwtgkjmlfpdssglbmpdkbiktmvqhnwxicuhqlaylqudiusofrmowyljhtrpnurnagngyhigmjdctoguomelnzhzxetyzgofkqsyxoylmumvjqiebhgyjjfowlwjqzar
aqmuozkcqlhkpfkzvamlzfsaavxoumpyoxzoyrihgdzwbgkdqkcfetjaeootknctnhwdhakvryyhsewkaizkoleflzerdiggepaquzenompwvjtj
c

